This is pdfTeX, Version 3.14159265-2.6-1.40.17 (TeX Live 2016) (preloaded format=pdflatex 2016.5.22)  13 NOV 2018 15:35
entering extended mode
 restricted \write18 enabled.
 file:line:error style messages enabled.
 %&-line parsing enabled.
**longrange.tex
(./longrange.tex
LaTeX2e <2016/03/31>
Babel <3.9r> and hyphenation patterns for 83 language(s) loaded.
(/usr/local/texlive/2016/texmf-dist/tex/latex/subfiles/subfiles.cls
Document Class: subfiles 2012/05/23 Federico Garcia
(/usr/local/texlive/2016/texmf-dist/tex/latex/tools/verbatim.sty
Package: verbatim 2014/10/28 v1.5q LaTeX2e package for verbatim enhancements
\every@verbatim=\toks14
\verbatim@line=\toks15
\verbatim@in@stream=\read1
)
Preamble taken from file `methods.tex'
(./methods.tex

./methods.tex:2: LaTeX Error: Option clash for document class subfiles.

See the LaTeX manual or LaTeX Companion for explanation.
Type  H <return>  for immediate help.
 ...                                              
                                                  
l.2 
    
? 
./methods.tex:2: Emergency stop.
 ...                                              
                                                  
l.2 
    
The package subfiles has already been loaded with options:
  [methods.tex]
There has now been an attempt to load it with options
  [main.tex]
Adding the global options:
  methods.tex,main.tex
to your \documentclass declaration may fix this.
Try typing  <return>  to proceed.

 
Here is how much of TeX's memory you used:
 53 strings out of 493014
 1214 string characters out of 6133351
 53601 words of memory out of 5000000
 3683 multiletter control sequences out of 15000+600000
 3640 words of font info for 14 fonts, out of 8000000 for 9000
 1141 hyphenation exceptions out of 8191
 21i,0n,17p,168b,16s stack positions out of 5000i,500n,10000p,200000b,80000s
./methods.tex:2:  ==> Fatal error occurred, no output PDF file produced!
