This is pdfTeX, Version 3.14159265-2.6-1.40.17 (TeX Live 2016) (preloaded format=pdflatex 2016.5.22)  7 MAY 2019 16:24
entering extended mode
 restricted \write18 enabled.
 file:line:error style messages enabled.
 %&-line parsing enabled.
**main.tex
(./main.tex
LaTeX2e <2016/03/31>
Babel <3.9r> and hyphenation patterns for 83 language(s) loaded.
(/usr/local/texlive/2016/texmf-dist/tex/latex/base/report.cls
Document Class: report 2014/09/29 v1.4h Standard LaTeX document class
(/usr/local/texlive/2016/texmf-dist/tex/latex/base/size10.clo
File: size10.clo 2014/09/29 v1.4h Standard LaTeX file (size option)
)
\c@part=\count79
\c@chapter=\count80
\c@section=\count81
\c@subsection=\count82
\c@subsubsection=\count83
\c@paragraph=\count84
\c@subparagraph=\count85
\c@figure=\count86
\c@table=\count87
\abovecaptionskip=\skip41
\belowcaptionskip=\skip42
\bibindent=\dimen102
)
(/usr/local/texlive/2016/texmf-dist/tex/latex/amsmath/amsmath.sty
Package: amsmath 2016/03/10 v2.15b AMS math features
\@mathmargin=\skip43

For additional information on amsmath, use the `?' option.
(/usr/local/texlive/2016/texmf-dist/tex/latex/amsmath/amstext.sty
Package: amstext 2000/06/29 v2.01 AMS text

(/usr/local/texlive/2016/texmf-dist/tex/latex/amsmath/amsgen.sty
File: amsgen.sty 1999/11/30 v2.0 generic functions
\@emptytoks=\toks14
\ex@=\dimen103
))
(/usr/local/texlive/2016/texmf-dist/tex/latex/amsmath/amsbsy.sty
Package: amsbsy 1999/11/29 v1.2d Bold Symbols
\pmbraise@=\dimen104
)
(/usr/local/texlive/2016/texmf-dist/tex/latex/amsmath/amsopn.sty
Package: amsopn 2016/03/08 v2.02 operator names
)
\inf@bad=\count88
LaTeX Info: Redefining \frac on input line 199.
\uproot@=\count89
\leftroot@=\count90
LaTeX Info: Redefining \overline on input line 297.
\classnum@=\count91
\DOTSCASE@=\count92
LaTeX Info: Redefining \ldots on input line 394.
LaTeX Info: Redefining \dots on input line 397.
LaTeX Info: Redefining \cdots on input line 518.
\Mathstrutbox@=\box26
\strutbox@=\box27
\big@size=\dimen105
LaTeX Font Info:    Redeclaring font encoding OML on input line 634.
LaTeX Font Info:    Redeclaring font encoding OMS on input line 635.
\macc@depth=\count93
\c@MaxMatrixCols=\count94
\dotsspace@=\muskip10
\c@parentequation=\count95
\dspbrk@lvl=\count96
\tag@help=\toks15
\row@=\count97
\column@=\count98
\maxfields@=\count99
\andhelp@=\toks16
\eqnshift@=\dimen106
\alignsep@=\dimen107
\tagshift@=\dimen108
\tagwidth@=\dimen109
\totwidth@=\dimen110
\lineht@=\dimen111
\@envbody=\toks17
\multlinegap=\skip44
\multlinetaggap=\skip45
\mathdisplay@stack=\toks18
LaTeX Info: Redefining \[ on input line 2739.
LaTeX Info: Redefining \] on input line 2740.
)
(/usr/local/texlive/2016/texmf-dist/tex/latex/amsfonts/amssymb.sty
Package: amssymb 2013/01/14 v3.01 AMS font symbols

(/usr/local/texlive/2016/texmf-dist/tex/latex/amsfonts/amsfonts.sty
Package: amsfonts 2013/01/14 v3.01 Basic AMSFonts support
\symAMSa=\mathgroup4
\symAMSb=\mathgroup5
LaTeX Font Info:    Overwriting math alphabet `\mathfrak' in version `bold'
(Font)                  U/euf/m/n --> U/euf/b/n on input line 106.
))
(/usr/local/texlive/2016/texmf-dist/tex/latex/tools/bm.sty
Package: bm 2016/02/27 v1.2a Bold Symbol Support (DPC/FMi)
\symboldoperators=\mathgroup6
\symboldletters=\mathgroup7
\symboldsymbols=\mathgroup8
LaTeX Font Info:    Redeclaring math alphabet \mathbf on input line 142.
LaTeX Info: Redefining \bm on input line 208.
)
(/usr/local/texlive/2016/texmf-dist/tex/latex/caption/caption.sty
Package: caption 2016/02/21 v3.3-144 Customizing captions (AR)

(/usr/local/texlive/2016/texmf-dist/tex/latex/caption/caption3.sty
Package: caption3 2016/02/04 v1.7-139 caption3 kernel (AR)
Package caption3 Info: TeX engine: e-TeX on input line 67.

(/usr/local/texlive/2016/texmf-dist/tex/latex/graphics/keyval.sty
Package: keyval 2014/10/28 v1.15 key=value parser (DPC)
\KV@toks@=\toks19
)
\captionmargin=\dimen112
\captionmargin@=\dimen113
\captionwidth=\dimen114
\caption@tempdima=\dimen115
\caption@indent=\dimen116
\caption@parindent=\dimen117
\caption@hangindent=\dimen118
)
\c@ContinuedFloat=\count100
)
(/usr/local/texlive/2016/texmf-dist/tex/latex/graphics/color.sty
Package: color 2016/05/09 v1.1c Standard LaTeX Color (DPC)

(/usr/local/texlive/2016/texmf-dist/tex/latex/graphics-cfg/color.cfg
File: color.cfg 2016/01/02 v1.6 sample color configuration
)
Package color Info: Driver file: pdftex.def on input line 144.

(/usr/local/texlive/2016/texmf-dist/tex/latex/pdftex-def/pdftex.def
File: pdftex.def 2011/05/27 v0.06d Graphics/color for pdfTeX

(/usr/local/texlive/2016/texmf-dist/tex/generic/oberdiek/infwarerr.sty
Package: infwarerr 2016/05/16 v1.4 Providing info/warning/error messages (HO)
)
(/usr/local/texlive/2016/texmf-dist/tex/generic/oberdiek/ltxcmds.sty
Package: ltxcmds 2016/05/16 v1.23 LaTeX kernel commands for general use (HO)
)
\Gread@gobject=\count101
))
(/usr/local/texlive/2016/texmf-dist/tex/latex/base/fixltx2e.sty
Package: fixltx2e 2015/06/22 v2.0b fixes to LaTeX (obsolete)


Package fixltx2e Warning: fixltx2e is not required with releases after 2015
(fixltx2e)                All fixes are now in the LaTeX kernel.
(fixltx2e)                See the latexrelease package for details.

) (/usr/local/texlive/2016/texmf-dist/tex/latex/base/fontenc.sty
Package: fontenc 2005/09/27 v1.99g Standard LaTeX package

(/usr/local/texlive/2016/texmf-dist/tex/latex/base/t1enc.def
File: t1enc.def 2005/09/27 v1.99g Standard LaTeX file
LaTeX Font Info:    Redeclaring font encoding T1 on input line 48.
))
(/usr/local/texlive/2016/texmf-dist/tex/latex/was/gensymb.sty
Package: gensymb 2003/07/02 v1.0 (WaS)
)
(/usr/local/texlive/2016/texmf-dist/tex/latex/geometry/geometry.sty
Package: geometry 2010/09/12 v5.6 Page Geometry

(/usr/local/texlive/2016/texmf-dist/tex/generic/oberdiek/ifpdf.sty
Package: ifpdf 2016/05/14 v3.1 Provides the ifpdf switch
)
(/usr/local/texlive/2016/texmf-dist/tex/generic/oberdiek/ifvtex.sty
Package: ifvtex 2016/05/16 v1.6 Detect VTeX and its facilities (HO)
Package ifvtex Info: VTeX not detected.
)
(/usr/local/texlive/2016/texmf-dist/tex/generic/ifxetex/ifxetex.sty
Package: ifxetex 2010/09/12 v0.6 Provides ifxetex conditional
)
\Gm@cnth=\count102
\Gm@cntv=\count103
\c@Gm@tempcnt=\count104
\Gm@bindingoffset=\dimen119
\Gm@wd@mp=\dimen120
\Gm@odd@mp=\dimen121
\Gm@even@mp=\dimen122
\Gm@layoutwidth=\dimen123
\Gm@layoutheight=\dimen124
\Gm@layouthoffset=\dimen125
\Gm@layoutvoffset=\dimen126
\Gm@dimlist=\toks20
)
(/usr/local/texlive/2016/texmf-dist/tex/latex/graphics/graphicx.sty
Package: graphicx 2014/10/28 v1.0g Enhanced LaTeX Graphics (DPC,SPQR)

(/usr/local/texlive/2016/texmf-dist/tex/latex/graphics/graphics.sty
Package: graphics 2016/05/09 v1.0r Standard LaTeX Graphics (DPC,SPQR)

(/usr/local/texlive/2016/texmf-dist/tex/latex/graphics/trig.sty
Package: trig 2016/01/03 v1.10 sin cos tan (DPC)
)
(/usr/local/texlive/2016/texmf-dist/tex/latex/graphics-cfg/graphics.cfg
File: graphics.cfg 2016/01/02 v1.10 sample graphics configuration
)
Package graphics Info: Driver file: pdftex.def on input line 96.
)
\Gin@req@height=\dimen127
\Gin@req@width=\dimen128
)
(/usr/local/texlive/2016/texmf-dist/tex/latex/hyperref/hyperref.sty
Package: hyperref 2016/05/05 v6.83n Hypertext links for LaTeX

(/usr/local/texlive/2016/texmf-dist/tex/generic/oberdiek/hobsub-hyperref.sty
Package: hobsub-hyperref 2016/05/16 v1.14 Bundle oberdiek, subset hyperref (HO)


(/usr/local/texlive/2016/texmf-dist/tex/generic/oberdiek/hobsub-generic.sty
Package: hobsub-generic 2016/05/16 v1.14 Bundle oberdiek, subset generic (HO)
Package: hobsub 2016/05/16 v1.14 Construct package bundles (HO)
Package hobsub Info: Skipping package `infwarerr' (already loaded).
Package hobsub Info: Skipping package `ltxcmds' (already loaded).
Package: ifluatex 2016/05/16 v1.4 Provides the ifluatex switch (HO)
Package ifluatex Info: LuaTeX not detected.
Package hobsub Info: Skipping package `ifvtex' (already loaded).
Package: intcalc 2016/05/16 v1.2 Expandable calculations with integers (HO)
Package hobsub Info: Skipping package `ifpdf' (already loaded).
Package: etexcmds 2016/05/16 v1.6 Avoid name clashes with e-TeX commands (HO)
Package etexcmds Info: Could not find \expanded.
(etexcmds)             That can mean that you are not using pdfTeX 1.50 or
(etexcmds)             that some package has redefined \expanded.
(etexcmds)             In the latter case, load this package earlier.
Package: kvsetkeys 2016/05/16 v1.17 Key value parser (HO)
Package: kvdefinekeys 2016/05/16 v1.4 Define keys (HO)
Package: pdftexcmds 2016/05/10 v0.21 Utility functions of pdfTeX for LuaTeX (HO
)
Package pdftexcmds Info: LuaTeX not detected.
Package pdftexcmds Info: \pdf@primitive is available.
Package pdftexcmds Info: \pdf@ifprimitive is available.
Package pdftexcmds Info: \pdfdraftmode found.
Package: pdfescape 2016/05/16 v1.14 Implements pdfTeX's escape features (HO)
Package: bigintcalc 2016/05/16 v1.4 Expandable calculations on big integers (HO
)
Package: bitset 2016/05/16 v1.2 Handle bit-vector datatype (HO)
Package: uniquecounter 2016/05/16 v1.3 Provide unlimited unique counter (HO)
)
Package hobsub Info: Skipping package `hobsub' (already loaded).
Package: letltxmacro 2016/05/16 v1.5 Let assignment for LaTeX macros (HO)
Package: hopatch 2016/05/16 v1.3 Wrapper for package hooks (HO)
Package: xcolor-patch 2016/05/16 xcolor patch
Package: atveryend 2016/05/16 v1.9 Hooks at the very end of document (HO)
Package atveryend Info: \enddocument detected (standard20110627).
Package: atbegshi 2016/05/16 v1.17 At begin shipout hook (HO)
Package: refcount 2016/05/16 v3.5 Data extraction from label references (HO)
Package: hycolor 2016/05/16 v1.8 Color options for hyperref/bookmark (HO)
)
(/usr/local/texlive/2016/texmf-dist/tex/latex/oberdiek/auxhook.sty
Package: auxhook 2016/05/16 v1.4 Hooks for auxiliary files (HO)
)
(/usr/local/texlive/2016/texmf-dist/tex/latex/oberdiek/kvoptions.sty
Package: kvoptions 2016/05/16 v3.12 Key value format for package options (HO)
)
\@linkdim=\dimen129
\Hy@linkcounter=\count105
\Hy@pagecounter=\count106

(/usr/local/texlive/2016/texmf-dist/tex/latex/hyperref/pd1enc.def
File: pd1enc.def 2016/05/05 v6.83n Hyperref: PDFDocEncoding definition (HO)
)
\Hy@SavedSpaceFactor=\count107

(/usr/local/texlive/2016/texmf-dist/tex/latex/latexconfig/hyperref.cfg
File: hyperref.cfg 2002/06/06 v1.2 hyperref configuration of TeXLive
)
Package hyperref Info: Hyper figures OFF on input line 4446.
Package hyperref Info: Link nesting OFF on input line 4451.
Package hyperref Info: Hyper index ON on input line 4454.
Package hyperref Info: Plain pages OFF on input line 4461.
Package hyperref Info: Backreferencing OFF on input line 4466.
Package hyperref Info: Implicit mode ON; LaTeX internals redefined.
Package hyperref Info: Bookmarks ON on input line 4691.
\c@Hy@tempcnt=\count108

(/usr/local/texlive/2016/texmf-dist/tex/latex/url/url.sty
\Urlmuskip=\muskip11
Package: url 2013/09/16  ver 3.4  Verb mode for urls, etc.
)
LaTeX Info: Redefining \url on input line 5044.
\XeTeXLinkMargin=\dimen130
\Fld@menulength=\count109
\Field@Width=\dimen131
\Fld@charsize=\dimen132
Package hyperref Info: Hyper figures OFF on input line 6298.
Package hyperref Info: Link nesting OFF on input line 6303.
Package hyperref Info: Hyper index ON on input line 6306.
Package hyperref Info: backreferencing OFF on input line 6313.
Package hyperref Info: Link coloring OFF on input line 6318.
Package hyperref Info: Link coloring with OCG OFF on input line 6323.
Package hyperref Info: PDF/A mode OFF on input line 6328.
LaTeX Info: Redefining \ref on input line 6368.
LaTeX Info: Redefining \pageref on input line 6372.
\Hy@abspage=\count110
\c@Item=\count111
\c@Hfootnote=\count112
)

Package hyperref Message: Driver (autodetected): hpdftex.

(/usr/local/texlive/2016/texmf-dist/tex/latex/hyperref/hpdftex.def
File: hpdftex.def 2016/05/05 v6.83n Hyperref driver for pdfTeX
\Fld@listcount=\count113
\c@bookmark@seq@number=\count114

(/usr/local/texlive/2016/texmf-dist/tex/latex/oberdiek/rerunfilecheck.sty
Package: rerunfilecheck 2016/05/16 v1.8 Rerun checks for auxiliary files (HO)
Package uniquecounter Info: New unique counter `rerunfilecheck' on input line 2
82.
)
\Hy@SectionHShift=\skip46
)
(/usr/local/texlive/2016/texmf-dist/tex/latex/subfiles/subfiles.sty
Package: subfiles 2012/05/23 Federico Garcia

(/usr/local/texlive/2016/texmf-dist/tex/latex/tools/verbatim.sty
Package: verbatim 2014/10/28 v1.5q LaTeX2e package for verbatim enhancements
\every@verbatim=\toks21
\verbatim@line=\toks22
\verbatim@in@stream=\read1
))
(/usr/local/texlive/2016/texmf-dist/tex/latex/base/textcomp.sty
Package: textcomp 2005/09/27 v1.99g Standard LaTeX package
Package textcomp Info: Sub-encoding information:
(textcomp)               5 = only ISO-Adobe without \textcurrency
(textcomp)               4 = 5 + \texteuro
(textcomp)               3 = 4 + \textohm
(textcomp)               2 = 3 + \textestimated + \textcurrency
(textcomp)               1 = TS1 - \textcircled - \t
(textcomp)               0 = TS1 (full)
(textcomp)             Font families with sub-encoding setting implement
(textcomp)             only a restricted character set as indicated.
(textcomp)             Family '?' is the default used for unknown fonts.
(textcomp)             See the documentation for details.
Package textcomp Info: Setting ? sub-encoding to TS1/1 on input line 79.

(/usr/local/texlive/2016/texmf-dist/tex/latex/base/ts1enc.def
File: ts1enc.def 2001/06/05 v3.0e (jk/car/fm) Standard LaTeX file
)
LaTeX Info: Redefining \oldstylenums on input line 334.
Package textcomp Info: Setting cmr sub-encoding to TS1/0 on input line 349.
Package textcomp Info: Setting cmss sub-encoding to TS1/0 on input line 350.
Package textcomp Info: Setting cmtt sub-encoding to TS1/0 on input line 351.
Package textcomp Info: Setting cmvtt sub-encoding to TS1/0 on input line 352.
Package textcomp Info: Setting cmbr sub-encoding to TS1/0 on input line 353.
Package textcomp Info: Setting cmtl sub-encoding to TS1/0 on input line 354.
Package textcomp Info: Setting ccr sub-encoding to TS1/0 on input line 355.
Package textcomp Info: Setting ptm sub-encoding to TS1/4 on input line 356.
Package textcomp Info: Setting pcr sub-encoding to TS1/4 on input line 357.
Package textcomp Info: Setting phv sub-encoding to TS1/4 on input line 358.
Package textcomp Info: Setting ppl sub-encoding to TS1/3 on input line 359.
Package textcomp Info: Setting pag sub-encoding to TS1/4 on input line 360.
Package textcomp Info: Setting pbk sub-encoding to TS1/4 on input line 361.
Package textcomp Info: Setting pnc sub-encoding to TS1/4 on input line 362.
Package textcomp Info: Setting pzc sub-encoding to TS1/4 on input line 363.
Package textcomp Info: Setting bch sub-encoding to TS1/4 on input line 364.
Package textcomp Info: Setting put sub-encoding to TS1/5 on input line 365.
Package textcomp Info: Setting uag sub-encoding to TS1/5 on input line 366.
Package textcomp Info: Setting ugq sub-encoding to TS1/5 on input line 367.
Package textcomp Info: Setting ul8 sub-encoding to TS1/4 on input line 368.
Package textcomp Info: Setting ul9 sub-encoding to TS1/4 on input line 369.
Package textcomp Info: Setting augie sub-encoding to TS1/5 on input line 370.
Package textcomp Info: Setting dayrom sub-encoding to TS1/3 on input line 371.
Package textcomp Info: Setting dayroms sub-encoding to TS1/3 on input line 372.

Package textcomp Info: Setting pxr sub-encoding to TS1/0 on input line 373.
Package textcomp Info: Setting pxss sub-encoding to TS1/0 on input line 374.
Package textcomp Info: Setting pxtt sub-encoding to TS1/0 on input line 375.
Package textcomp Info: Setting txr sub-encoding to TS1/0 on input line 376.
Package textcomp Info: Setting txss sub-encoding to TS1/0 on input line 377.
Package textcomp Info: Setting txtt sub-encoding to TS1/0 on input line 378.
Package textcomp Info: Setting lmr sub-encoding to TS1/0 on input line 379.
Package textcomp Info: Setting lmdh sub-encoding to TS1/0 on input line 380.
Package textcomp Info: Setting lmss sub-encoding to TS1/0 on input line 381.
Package textcomp Info: Setting lmssq sub-encoding to TS1/0 on input line 382.
Package textcomp Info: Setting lmvtt sub-encoding to TS1/0 on input line 383.
Package textcomp Info: Setting lmtt sub-encoding to TS1/0 on input line 384.
Package textcomp Info: Setting qhv sub-encoding to TS1/0 on input line 385.
Package textcomp Info: Setting qag sub-encoding to TS1/0 on input line 386.
Package textcomp Info: Setting qbk sub-encoding to TS1/0 on input line 387.
Package textcomp Info: Setting qcr sub-encoding to TS1/0 on input line 388.
Package textcomp Info: Setting qcs sub-encoding to TS1/0 on input line 389.
Package textcomp Info: Setting qpl sub-encoding to TS1/0 on input line 390.
Package textcomp Info: Setting qtm sub-encoding to TS1/0 on input line 391.
Package textcomp Info: Setting qzc sub-encoding to TS1/0 on input line 392.
Package textcomp Info: Setting qhvc sub-encoding to TS1/0 on input line 393.
Package textcomp Info: Setting futs sub-encoding to TS1/4 on input line 394.
Package textcomp Info: Setting futx sub-encoding to TS1/4 on input line 395.
Package textcomp Info: Setting futj sub-encoding to TS1/4 on input line 396.
Package textcomp Info: Setting hlh sub-encoding to TS1/3 on input line 397.
Package textcomp Info: Setting hls sub-encoding to TS1/3 on input line 398.
Package textcomp Info: Setting hlst sub-encoding to TS1/3 on input line 399.
Package textcomp Info: Setting hlct sub-encoding to TS1/5 on input line 400.
Package textcomp Info: Setting hlx sub-encoding to TS1/5 on input line 401.
Package textcomp Info: Setting hlce sub-encoding to TS1/5 on input line 402.
Package textcomp Info: Setting hlcn sub-encoding to TS1/5 on input line 403.
Package textcomp Info: Setting hlcw sub-encoding to TS1/5 on input line 404.
Package textcomp Info: Setting hlcf sub-encoding to TS1/5 on input line 405.
Package textcomp Info: Setting pplx sub-encoding to TS1/3 on input line 406.
Package textcomp Info: Setting pplj sub-encoding to TS1/3 on input line 407.
Package textcomp Info: Setting ptmx sub-encoding to TS1/4 on input line 408.
Package textcomp Info: Setting ptmj sub-encoding to TS1/4 on input line 409.
) (./main.aux)
\openout1 = `main.aux'.

LaTeX Font Info:    Checking defaults for OML/cmm/m/it on input line 19.
LaTeX Font Info:    ... okay on input line 19.
LaTeX Font Info:    Checking defaults for T1/cmr/m/n on input line 19.
LaTeX Font Info:    ... okay on input line 19.
LaTeX Font Info:    Checking defaults for OT1/cmr/m/n on input line 19.
LaTeX Font Info:    ... okay on input line 19.
LaTeX Font Info:    Checking defaults for OMS/cmsy/m/n on input line 19.
LaTeX Font Info:    ... okay on input line 19.
LaTeX Font Info:    Checking defaults for OMX/cmex/m/n on input line 19.
LaTeX Font Info:    ... okay on input line 19.
LaTeX Font Info:    Checking defaults for U/cmr/m/n on input line 19.
LaTeX Font Info:    ... okay on input line 19.
LaTeX Font Info:    Checking defaults for PD1/pdf/m/n on input line 19.
LaTeX Font Info:    ... okay on input line 19.
LaTeX Font Info:    Checking defaults for TS1/cmr/m/n on input line 19.
LaTeX Font Info:    Try loading font information for TS1+cmr on input line 19.

(/usr/local/texlive/2016/texmf-dist/tex/latex/base/ts1cmr.fd
File: ts1cmr.fd 2014/09/29 v2.5h Standard LaTeX font definitions
)
LaTeX Font Info:    ... okay on input line 19.
Package caption Info: Begin \AtBeginDocument code.
Package caption Info: hyperref package is loaded.
Package caption Info: End \AtBeginDocument code.

(/usr/local/texlive/2016/texmf-dist/tex/context/base/mkii/supp-pdf.mkii
[Loading MPS to PDF converter (version 2006.09.02).]
\scratchcounter=\count115
\scratchdimen=\dimen133
\scratchbox=\box28
\nofMPsegments=\count116
\nofMParguments=\count117
\everyMPshowfont=\toks23
\MPscratchCnt=\count118
\MPscratchDim=\dimen134
\MPnumerator=\count119
\makeMPintoPDFobject=\count120
\everyMPtoPDFconversion=\toks24
)
\symgns@font=\mathgroup9
LaTeX Font Info:    Overwriting symbol font `gns@font' in version `bold'
(Font)                  TS1/cmr/m/n --> TS1/cmr/bx/n on input line 19.
Package gensymb Info: Math companion symbols declared on input line 19.
LaTeX Info: Redefining \degree on input line 19.
LaTeX Info: Redefining \celsius on input line 19.
Package gensymb Info: Using text companion symbols for \degree, \celsius and \p
erthousand on input line 19.
LaTeX Info: Redefining \ohm on input line 19.
Package gensymb Info: Using \textohm for \ohm on input line 19.
Package gensymb Info: Using \textmu for \micro on input line 19.

*geometry* driver: auto-detecting
*geometry* detected driver: pdftex
*geometry* verbose mode - [ preamble ] result:
* driver: pdftex
* paper: <default>
* layout: <same size as paper>
* layoutoffset:(h,v)=(0.0pt,0.0pt)
* modes: 
* h-part:(L,W,R)=(36.135pt, 542.02501pt, 36.135pt)
* v-part:(T,H,B)=(36.135pt, 722.7pt, 36.135pt)
* \paperwidth=614.295pt
* \paperheight=794.96999pt
* \textwidth=542.02501pt
* \textheight=722.7pt
* \oddsidemargin=-36.135pt
* \evensidemargin=-36.135pt
* \topmargin=-73.135pt
* \headheight=12.0pt
* \headsep=25.0pt
* \topskip=10.0pt
* \footskip=30.0pt
* \marginparwidth=65.0pt
* \marginparsep=11.0pt
* \columnsep=10.0pt
* \skip\footins=9.0pt plus 4.0pt minus 2.0pt
* \hoffset=0.0pt
* \voffset=0.0pt
* \mag=1000
* \@twocolumnfalse
* \@twosidefalse
* \@mparswitchfalse
* \@reversemarginfalse
* (1in=72.27pt=25.4mm, 1cm=28.453pt)

(/usr/local/texlive/2016/texmf-dist/tex/latex/oberdiek/epstopdf-base.sty
Package: epstopdf-base 2016/05/15 v2.6 Base part for package epstopdf

(/usr/local/texlive/2016/texmf-dist/tex/latex/oberdiek/grfext.sty
Package: grfext 2016/05/16 v1.2 Manage graphics extensions (HO)
)
Package grfext Info: Graphics extension search list:
(grfext)             [.png,.pdf,.jpg,.mps,.jpeg,.jbig2,.jb2,.PNG,.PDF,.JPG,.JPE
G,.JBIG2,.JB2,.eps]
(grfext)             \AppendGraphicsExtensions on input line 456.

(/usr/local/texlive/2016/texmf-dist/tex/latex/latexconfig/epstopdf-sys.cfg
File: epstopdf-sys.cfg 2010/07/13 v1.3 Configuration of (r)epstopdf for TeX Liv
e
))
\AtBeginShipoutBox=\box29
Package hyperref Info: Link coloring OFF on input line 19.

(/usr/local/texlive/2016/texmf-dist/tex/latex/hyperref/nameref.sty
Package: nameref 2012/10/27 v2.43 Cross-referencing by name of section

(/usr/local/texlive/2016/texmf-dist/tex/generic/oberdiek/gettitlestring.sty
Package: gettitlestring 2016/05/16 v1.5 Cleanup title references (HO)
)
\c@section@level=\count121
)
LaTeX Info: Redefining \ref on input line 19.
LaTeX Info: Redefining \pageref on input line 19.
LaTeX Info: Redefining \nameref on input line 19.

(./main.out) (./main.out)
\@outlinefile=\write3
\openout3 = `main.out'.

 (./review.tex [1


{/usr/local/texlive/2016/texmf-var/fonts/map/pdftex/updmap/pdftex.map}]
LaTeX Font Info:    Try loading font information for U+msa on input line 7.

(/usr/local/texlive/2016/texmf-dist/tex/latex/amsfonts/umsa.fd
File: umsa.fd 2013/01/14 v3.01 AMS symbols A
)
LaTeX Font Info:    Try loading font information for U+msb on input line 7.

(/usr/local/texlive/2016/texmf-dist/tex/latex/amsfonts/umsb.fd
File: umsb.fd 2013/01/14 v3.01 AMS symbols B
)
Underfull \hbox (badness 10000) in paragraph at lines 7--8

 []


Underfull \hbox (badness 10000) in paragraph at lines 9--10

 []


Underfull \hbox (badness 10000) in paragraph at lines 11--12

 []


Underfull \hbox (badness 10000) in paragraph at lines 13--14

 []


Underfull \hbox (badness 10000) in paragraph at lines 15--16

 []


Underfull \hbox (badness 10000) in paragraph at lines 17--18

 []


Underfull \hbox (badness 10000) in paragraph at lines 19--20

 []


Underfull \hbox (badness 10000) in paragraph at lines 21--22

 []

[2]
Underfull \hbox (badness 10000) in paragraph at lines 23--24

 []


Underfull \hbox (badness 10000) in paragraph at lines 25--26

 []


Underfull \hbox (badness 10000) in paragraph at lines 27--28

 []


Underfull \hbox (badness 10000) in paragraph at lines 29--30

 []


Underfull \hbox (badness 10000) in paragraph at lines 31--32

 []


Underfull \hbox (badness 10000) in paragraph at lines 33--34

 []

[3]
Underfull \hbox (badness 10000) in paragraph at lines 35--36

 []


Underfull \hbox (badness 10000) in paragraph at lines 37--38

 []


Underfull \hbox (badness 10000) in paragraph at lines 39--40

 []


Underfull \hbox (badness 10000) in paragraph at lines 41--42

 []

[4]
Underfull \hbox (badness 10000) in paragraph at lines 43--44

 []


Underfull \hbox (badness 10000) in paragraph at lines 45--46

 []


Underfull \hbox (badness 10000) in paragraph at lines 47--48

 []


Underfull \hbox (badness 10000) in paragraph at lines 49--50

 []


Underfull \hbox (badness 10000) in paragraph at lines 51--52

 []


Underfull \hbox (badness 10000) in paragraph at lines 53--54

 []

[5]
Underfull \hbox (badness 10000) in paragraph at lines 55--56

 []


Underfull \hbox (badness 10000) in paragraph at lines 57--58

 []


Underfull \hbox (badness 10000) in paragraph at lines 59--60

 []


Underfull \hbox (badness 10000) in paragraph at lines 61--62

 []


Underfull \hbox (badness 10000) in paragraph at lines 63--64

 []


Underfull \hbox (badness 10000) in paragraph at lines 65--66

 []

[6]
Underfull \hbox (badness 10000) in paragraph at lines 67--68

 []


Underfull \hbox (badness 10000) in paragraph at lines 69--70

 []


Underfull \hbox (badness 10000) in paragraph at lines 71--72

 []

[7]
Underfull \hbox (badness 10000) in paragraph at lines 73--74

 []


Underfull \hbox (badness 10000) in paragraph at lines 75--76

 []


Underfull \hbox (badness 10000) in paragraph at lines 77--78

 []


Underfull \hbox (badness 10000) in paragraph at lines 79--80

 []

) (./sloweq.tex [8] [9

]
Chapter 1.

Underfull \hbox (badness 10000) in paragraph at lines 9--10

 []


Underfull \hbox (badness 10000) in paragraph at lines 11--12

 []


Underfull \hbox (badness 10000) in paragraph at lines 13--14

 []


Underfull \hbox (badness 10000) in paragraph at lines 15--16

 []


Underfull \hbox (badness 10000) in paragraph at lines 17--18

 []


Underfull \hbox (badness 10000) in paragraph at lines 19--20

 []


Underfull \hbox (badness 10000) in paragraph at lines 21--22

 []

[10

] [11]
Chapter 2.
[12

]
Chapter 3.
[13

]
Chapter 4.
[14

]
Chapter 5.
) (./workdone.tex [15

] [16

]
Chapter 6.
(./amplitudes.tex
Underfull \hbox (badness 10000) in paragraph at lines 81--82

 []

[17

]
Underfull \hbox (badness 10000) in paragraph at lines 139--140

 []

[18] [19] [20] [21]) (./crosscorrelation.tex [22] [23] [24] [25])
(./raytracing.tex [26] [27]) (./work_timelags.tex [28]
Chapter 7.

Underfull \hbox (badness 10000) in paragraph at lines 11--12

 []


Underfull \hbox (badness 10000) in paragraph at lines 33--34

 []


Underfull \hbox (badness 10000) in paragraph at lines 47--48

 []

[29

]
Underfull \hbox (badness 10000) in paragraph at lines 82--83

 []

[30]
Underfull \hbox (badness 10000) in paragraph at lines 105--106

 []


Underfull \hbox (badness 10000) in paragraph at lines 107--108

 []


Underfull \hbox (badness 10000) in paragraph at lines 113--114

 []


Underfull \hbox (badness 10000) in paragraph at lines 115--116

 []

[31]
Underfull \hbox (badness 10000) in paragraph at lines 132--133

 []


Underfull \hbox (badness 10000) in paragraph at lines 149--150

 []


Underfull \hbox (badness 10000) in paragraph at lines 151--152

 []


Underfull \hbox (badness 10000) in paragraph at lines 153--154

 []

[32] [33]) (./work_catalog.tex [34]
Chapter 8.
) (./work_slowslip.tex [35

]
Chapter 9.

Underfull \hbox (badness 10000) in paragraph at lines 7--8

 []


Underfull \hbox (badness 10000) in paragraph at lines 11--12

 []


Underfull \hbox (badness 10000) in paragraph at lines 13--14

 []


Underfull \hbox (badness 10000) in paragraph at lines 27--28

 []


Underfull \hbox (badness 10000) in paragraph at lines 40--41

 []

[36

]
Underfull \hbox (badness 10000) in paragraph at lines 114--115

 []

[37]) (./work_longrange.tex [38]
Chapter 10.
[39

]
Underfull \hbox (badness 10000) in paragraph at lines 35--36

 []


Underfull \hbox (badness 10000) in paragraph at lines 37--38

 []

<Figures/longrange/Frank_et_al_2016_Fig2D.png, id=762, 401.5pt x 351.3125pt>
File: Figures/longrange/Frank_et_al_2016_Fig2D.png Graphic file (type png)

<use Figures/longrange/Frank_et_al_2016_Fig2D.png>
Package pdftex.def Info: Figures/longrange/Frank_et_al_2016_Fig2D.png used on i
nput line 40.
(pdftex.def)             Requested size: 300.0pt x 262.51881pt.

Underfull \hbox (badness 10000) in paragraph at lines 45--46

 []

Package epstopdf Info: Source file: <Figures/longrange/absolutevalue.eps>
(epstopdf)                    date: 2018-10-09 10:50:33
(epstopdf)                    size: 23347 bytes
(epstopdf)             Output file: <Figures/longrange/absolutevalue-eps-conver
ted-to.pdf>
(epstopdf)                    date: 2018-11-16 15:54:47
(epstopdf)                    size: 24629 bytes
(epstopdf)             Command: <repstopdf --outfile=Figures/longrange/absolute
value-eps-converted-to.pdf Figures/longrange/absolutevalue.eps>
(epstopdf)             \includegraphics on input line 62.
Package epstopdf Info: Output file is already uptodate.

<Figures/longrange/absolutevalue-eps-converted-to.pdf, id=765, 722.7pt x 722.7p
t>
File: Figures/longrange/absolutevalue-eps-converted-to.pdf Graphic file (type p
df)
 <use Figures/longrange/absolutevalue-eps-converted-to.pdf>
Package pdftex.def Info: Figures/longrange/absolutevalue-eps-converted-to.pdf u
sed on input line 62.
(pdftex.def)             Requested size: 300.0pt x 300.00313pt.
 [40 <./Figures/longrange/Frank_et_al_2016_Fig2D.png>]
Package epstopdf Info: Source file: <Figures/longrange/variance.eps>
(epstopdf)                    date: 2018-10-09 11:11:34
(epstopdf)                    size: 24536 bytes
(epstopdf)             Output file: <Figures/longrange/variance-eps-converted-t
o.pdf>
(epstopdf)                    date: 2018-11-16 15:54:47
(epstopdf)                    size: 25155 bytes
(epstopdf)             Command: <repstopdf --outfile=Figures/longrange/variance
-eps-converted-to.pdf Figures/longrange/variance.eps>
(epstopdf)             \includegraphics on input line 76.
Package epstopdf Info: Output file is already uptodate.

<Figures/longrange/variance-eps-converted-to.pdf, id=776, 722.7pt x 722.7pt>
File: Figures/longrange/variance-eps-converted-to.pdf Graphic file (type pdf)

<use Figures/longrange/variance-eps-converted-to.pdf>
Package pdftex.def Info: Figures/longrange/variance-eps-converted-to.pdf used o
n input line 76.
(pdftex.def)             Requested size: 300.0pt x 300.00313pt.
 [41 <./Figures/longrange/absolutevalue-eps-converted-to.pdf> <./Figures/longra
nge/variance-eps-converted-to.pdf>]
Package epstopdf Info: Source file: <Figures/longrange/varianceresiduals.eps>
(epstopdf)                    date: 2018-10-09 13:29:57
(epstopdf)                    size: 23145 bytes
(epstopdf)             Output file: <Figures/longrange/varianceresiduals-eps-co
nverted-to.pdf>
(epstopdf)                    date: 2018-11-16 15:54:47
(epstopdf)                    size: 24110 bytes
(epstopdf)             Command: <repstopdf --outfile=Figures/longrange/variance
residuals-eps-converted-to.pdf Figures/longrange/varianceresiduals.eps>
(epstopdf)             \includegraphics on input line 84.
Package epstopdf Info: Output file is already uptodate.

<Figures/longrange/varianceresiduals-eps-converted-to.pdf, id=872, 722.7pt x 72
2.7pt>
File: Figures/longrange/varianceresiduals-eps-converted-to.pdf Graphic file (ty
pe pdf)
 <use Figures/longrange/varianceresiduals-eps-converted-to.pdf>
Package pdftex.def Info: Figures/longrange/varianceresiduals-eps-converted-to.p
df used on input line 84.
(pdftex.def)             Requested size: 300.0pt x 300.00313pt.
Package epstopdf Info: Source file: <Figures/longrange/RS.eps>
(epstopdf)                    date: 2018-10-10 13:05:54
(epstopdf)                    size: 482369 bytes
(epstopdf)             Output file: <Figures/longrange/RS-eps-converted-to.pdf>

(epstopdf)                    date: 2018-11-16 15:54:49
(epstopdf)                    size: 1763417 bytes
(epstopdf)             Command: <repstopdf --outfile=Figures/longrange/RS-eps-c
onverted-to.pdf Figures/longrange/RS.eps>
(epstopdf)             \includegraphics on input line 102.
Package epstopdf Info: Output file is already uptodate.

<Figures/longrange/RS-eps-converted-to.pdf, id=874, 722.7pt x 722.7pt>
File: Figures/longrange/RS-eps-converted-to.pdf Graphic file (type pdf)

<use Figures/longrange/RS-eps-converted-to.pdf>
Package pdftex.def Info: Figures/longrange/RS-eps-converted-to.pdf used on inpu
t line 102.
(pdftex.def)             Requested size: 300.0pt x 300.00313pt.
 [42 <./Figures/longrange/varianceresiduals-eps-converted-to.pdf>]
Package epstopdf Info: Source file: <Figures/longrange/periodogram.eps>
(epstopdf)                    date: 2018-10-22 11:47:18
(epstopdf)                    size: 2360781 bytes
(epstopdf)             Output file: <Figures/longrange/periodogram-eps-converte
d-to.pdf>
(epstopdf)                    date: 2018-11-16 15:54:58
(epstopdf)                    size: 15804754 bytes
(epstopdf)             Command: <repstopdf --outfile=Figures/longrange/periodog
ram-eps-converted-to.pdf Figures/longrange/periodogram.eps>
(epstopdf)             \includegraphics on input line 116.
Package epstopdf Info: Output file is already uptodate.

<Figures/longrange/periodogram-eps-converted-to.pdf, id=926, 722.7pt x 722.7pt>
File: Figures/longrange/periodogram-eps-converted-to.pdf Graphic file (type pdf
)
<use Figures/longrange/periodogram-eps-converted-to.pdf>
Package pdftex.def Info: Figures/longrange/periodogram-eps-converted-to.pdf use
d on input line 116.
(pdftex.def)             Requested size: 300.0pt x 300.00313pt.
 [43 <./Figures/longrange/RS-eps-converted-to.pdf> <./Figures/longrange/periodo
gram-eps-converted-to.pdf>])) (./timelags.tex [44] [45

]
Chapter 11.
[46

]
Chapter 12.
Package epstopdf Info: Source file: <Figures/timelags/arrays_location.eps>
(epstopdf)                    date: 2019-05-07 16:21:56
(epstopdf)                    size: 1027515 bytes
(epstopdf)             Output file: <Figures/timelags/arrays_location-eps-conve
rted-to.pdf>
(epstopdf)                    date: 2019-05-07 14:34:55
(epstopdf)                    size: 1629222 bytes
(epstopdf)             Command: <repstopdf --outfile=Figures/timelags/arrays_lo
cation-eps-converted-to.pdf Figures/timelags/arrays_location.eps>
(epstopdf)             \includegraphics on input line 24.
runsystem(repstopdf --outfile=Figures/timelags/arrays_location-eps-converted-to
.pdf Figures/timelags/arrays_location.eps)...executed safely (allowed).

Package epstopdf Info: Result file: <Figures/timelags/arrays_location-eps-conve
rted-to.pdf>
(epstopdf)                    date: 2019-05-07 16:24:31
(epstopdf)                    size: 1629616 bytes.

<Figures/timelags/arrays_location-eps-converted-to.pdf, id=1033, 597.23125pt x 
845.1575pt>
File: Figures/timelags/arrays_location-eps-converted-to.pdf Graphic file (type 
pdf)
 <use Figures/timelags/arrays_location-eps-converted-to.pdf>
Package pdftex.def Info: Figures/timelags/arrays_location-eps-converted-to.pdf 
used on input line 24.
(pdftex.def)             Requested size: 540.60236pt x 455.99187pt.

[47

] [48 <./Figures/timelags/arrays_location-eps-converted-to.pdf>]
Chapter 13.
[49

]
Chapter 14.
[50

]
Chapter 15.
) (./catalog.tex [51

] [52

]
Chapter 16.

Underfull \hbox (badness 10000) in paragraph at lines 11--12

 []


Underfull \hbox (badness 10000) in paragraph at lines 17--18

 []


Underfull \hbox (badness 10000) in paragraph at lines 19--20

 []


Underfull \hbox (badness 10000) in paragraph at lines 21--22

 []


Underfull \hbox (badness 10000) in paragraph at lines 23--24

 []

[53

]
Chapter 17.
[54

]
Chapter 18.
[55

]
Chapter 19.
) (./slowslip.tex [56

] [57

]
Chapter 20.
[58

]
Chapter 21.

Underfull \hbox (badness 10000) in paragraph at lines 49--50

 []

[59

]
Chapter 22.

Underfull \hbox (badness 10000) in paragraph at lines 93--94

 []


Underfull \hbox (badness 10000) in paragraph at lines 107--108

 []


Underfull \hbox (badness 10000) in paragraph at lines 115--116

 []

[60

]
Underfull \hbox (badness 10000) in paragraph at lines 141--142

 []


Underfull \hbox (badness 10000) in paragraph at lines 150--151

 []


Underfull \hbox (badness 10000) in paragraph at lines 158--159

 []


Underfull \hbox (badness 10000) in paragraph at lines 172--173

 []

[61]
Underfull \hbox (badness 10000) in paragraph at lines 183--184

 []


Underfull \hbox (badness 10000) in paragraph at lines 203--204

 []

[62] [63]
Chapter 23.

Underfull \hbox (badness 10000) in paragraph at lines 240--241

 []


Underfull \hbox (badness 10000) in paragraph at lines 242--243

 []


Underfull \hbox (badness 10000) in paragraph at lines 244--245

 []


Underfull \hbox (badness 10000) in paragraph at lines 246--247

 []


Underfull \hbox (badness 10000) in paragraph at lines 248--249

 []

Package epstopdf Info: Source file: <Figures/slowslip_results/Figure_1.eps>
(epstopdf)                    date: 2018-09-20 10:49:57
(epstopdf)                    size: 414684 bytes
(epstopdf)             Output file: <Figures/slowslip_results/Figure_1-eps-conv
erted-to.pdf>
(epstopdf)                    date: 2018-11-16 15:54:59
(epstopdf)                    size: 67252 bytes
(epstopdf)             Command: <repstopdf --outfile=Figures/slowslip_results/F
igure_1-eps-converted-to.pdf Figures/slowslip_results/Figure_1.eps>
(epstopdf)             \includegraphics on input line 251.
Package epstopdf Info: Output file is already uptodate.

<Figures/slowslip_results/Figure_1-eps-converted-to.pdf, id=1167, 1084.05pt x 1
734.48pt>
File: Figures/slowslip_results/Figure_1-eps-converted-to.pdf Graphic file (type
 pdf)
 <use Figures/slowslip_results/Figure_1-eps-converted-to.pdf>
Package pdftex.def Info: Figures/slowslip_results/Figure_1-eps-converted-to.pdf
 used on input line 251.
(pdftex.def)             Requested size: 300.0pt x 467.4463pt.
 [64

]
Package epstopdf Info: Source file: <Figures/slowslip_results/Figure_2.eps>
(epstopdf)                    date: 2018-09-20 10:50:01
(epstopdf)                    size: 120306 bytes
(epstopdf)             Output file: <Figures/slowslip_results/Figure_2-eps-conv
erted-to.pdf>
(epstopdf)                    date: 2018-11-16 15:54:59
(epstopdf)                    size: 43463 bytes
(epstopdf)             Command: <repstopdf --outfile=Figures/slowslip_results/F
igure_2-eps-converted-to.pdf Figures/slowslip_results/Figure_2.eps>
(epstopdf)             \includegraphics on input line 259.
Package epstopdf Info: Output file is already uptodate.

<Figures/slowslip_results/Figure_2-eps-converted-to.pdf, id=1174, 1084.05pt x 8
67.24pt>
File: Figures/slowslip_results/Figure_2-eps-converted-to.pdf Graphic file (type
 pdf)
 <use Figures/slowslip_results/Figure_2-eps-converted-to.pdf>
Package pdftex.def Info: Figures/slowslip_results/Figure_2-eps-converted-to.pdf
 used on input line 259.
(pdftex.def)             Requested size: 300.0pt x 240.95767pt.
 [65 <./Figures/slowslip_results/Figure_1-eps-converted-to.pdf>]
Underfull \hbox (badness 10000) in paragraph at lines 265--266

 []


Underfull \hbox (badness 10000) in paragraph at lines 267--268

 []

Package epstopdf Info: Source file: <Figures/slowslip_results/Figure_3.eps>
(epstopdf)                    date: 2018-09-20 10:52:44
(epstopdf)                    size: 418800 bytes
(epstopdf)             Output file: <Figures/slowslip_results/Figure_3-eps-conv
erted-to.pdf>
(epstopdf)                    date: 2018-11-16 15:55:00
(epstopdf)                    size: 118690 bytes
(epstopdf)             Command: <repstopdf --outfile=Figures/slowslip_results/F
igure_3-eps-converted-to.pdf Figures/slowslip_results/Figure_3.eps>
(epstopdf)             \includegraphics on input line 270.
Package epstopdf Info: Output file is already uptodate.

<Figures/slowslip_results/Figure_3-eps-converted-to.pdf, id=1214, 1084.05pt x 1
734.48pt>
File: Figures/slowslip_results/Figure_3-eps-converted-to.pdf Graphic file (type
 pdf)
 <use Figures/slowslip_results/Figure_3-eps-converted-to.pdf>
Package pdftex.def Info: Figures/slowslip_results/Figure_3-eps-converted-to.pdf
 used on input line 270.
(pdftex.def)             Requested size: 300.0pt x 467.4463pt.
 [66 <./Figures/slowslip_results/Figure_2-eps-converted-to.pdf>]
Package epstopdf Info: Source file: <Figures/slowslip_results/Figure_4.eps>
(epstopdf)                    date: 2018-09-20 10:52:47
(epstopdf)                    size: 128053 bytes
(epstopdf)             Output file: <Figures/slowslip_results/Figure_4-eps-conv
erted-to.pdf>
(epstopdf)                    date: 2018-11-16 15:55:00
(epstopdf)                    size: 45840 bytes
(epstopdf)             Command: <repstopdf --outfile=Figures/slowslip_results/F
igure_4-eps-converted-to.pdf Figures/slowslip_results/Figure_4.eps>
(epstopdf)             \includegraphics on input line 278.
Package epstopdf Info: Output file is already uptodate.

<Figures/slowslip_results/Figure_4-eps-converted-to.pdf, id=1263, 1084.05pt x 8
67.24pt>
File: Figures/slowslip_results/Figure_4-eps-converted-to.pdf Graphic file (type
 pdf)
 <use Figures/slowslip_results/Figure_4-eps-converted-to.pdf>
Package pdftex.def Info: Figures/slowslip_results/Figure_4-eps-converted-to.pdf
 used on input line 278.
(pdftex.def)             Requested size: 300.0pt x 240.95767pt.
 [67 <./Figures/slowslip_results/Figure_3-eps-converted-to.pdf>]
Package epstopdf Info: Source file: <Figures/slowslip_results/Figure_5.eps>
(epstopdf)                    date: 2018-09-18 11:38:55
(epstopdf)                    size: 236821 bytes
(epstopdf)             Output file: <Figures/slowslip_results/Figure_5-eps-conv
erted-to.pdf>
(epstopdf)                    date: 2018-11-16 15:55:01
(epstopdf)                    size: 79825 bytes
(epstopdf)             Command: <repstopdf --outfile=Figures/slowslip_results/F
igure_5-eps-converted-to.pdf Figures/slowslip_results/Figure_5.eps>
(epstopdf)             \includegraphics on input line 286.
Package epstopdf Info: Output file is already uptodate.

<Figures/slowslip_results/Figure_5-eps-converted-to.pdf, id=1293, 1445.4pt x 72
2.7pt>
File: Figures/slowslip_results/Figure_5-eps-converted-to.pdf Graphic file (type
 pdf)
 <use Figures/slowslip_results/Figure_5-eps-converted-to.pdf>
Package pdftex.def Info: Figures/slowslip_results/Figure_5-eps-converted-to.pdf
 used on input line 286.
(pdftex.def)             Requested size: 500.0pt x 249.99341pt.
 [68 <./Figures/slowslip_results/Figure_4-eps-converted-to.pdf> <./Figures/slow
slip_results/Figure_5-eps-converted-to.pdf>]
Package epstopdf Info: Source file: <Figures/slowslip_results/Figure_6.eps>
(epstopdf)                    date: 2018-09-18 11:37:23
(epstopdf)                    size: 186194 bytes
(epstopdf)             Output file: <Figures/slowslip_results/Figure_6-eps-conv
erted-to.pdf>
(epstopdf)                    date: 2018-11-16 15:55:01
(epstopdf)                    size: 66009 bytes
(epstopdf)             Command: <repstopdf --outfile=Figures/slowslip_results/F
igure_6-eps-converted-to.pdf Figures/slowslip_results/Figure_6.eps>
(epstopdf)             \includegraphics on input line 294.
Package epstopdf Info: Output file is already uptodate.

<Figures/slowslip_results/Figure_6-eps-converted-to.pdf, id=1396, 1445.4pt x 72
2.7pt>
File: Figures/slowslip_results/Figure_6-eps-converted-to.pdf Graphic file (type
 pdf)
 <use Figures/slowslip_results/Figure_6-eps-converted-to.pdf>
Package pdftex.def Info: Figures/slowslip_results/Figure_6-eps-converted-to.pdf
 used on input line 294.
(pdftex.def)             Requested size: 500.0pt x 249.99341pt.
 [69 <./Figures/slowslip_results/Figure_6-eps-converted-to.pdf>]
Chapter 24.

Underfull \hbox (badness 10000) in paragraph at lines 346--347

 []

[70

]
Underfull \hbox (badness 10000) in paragraph at lines 348--349

 []


Underfull \hbox (badness 10000) in paragraph at lines 350--351

 []


Underfull \hbox (badness 10000) in paragraph at lines 354--355

 []


Underfull \hbox (badness 10000) in paragraph at lines 356--357

 []


Underfull \hbox (badness 10000) in paragraph at lines 358--362

 []


Underfull \hbox (badness 10000) in paragraph at lines 365--372

 []

[71]
Underfull \hbox (badness 10000) in paragraph at lines 375--378

 []


Underfull \hbox (badness 10000) in paragraph at lines 379--384

 []

) (./longrange.tex [72] [73

]
Chapter 25.
[74

]
Chapter 26.
[75

]
Chapter 27.
[76

]
Chapter 28.

Underfull \hbox (badness 10000) in paragraph at lines 25--26

 []


Underfull \hbox (badness 10000) in paragraph at lines 27--28

 []

) (./main.bbl [77

] [78

] [79])
Package atveryend Info: Empty hook `BeforeClearDocument' on input line 45.
 [80]
Package atveryend Info: Empty hook `AfterLastShipout' on input line 45.
 (./main.aux)
Package atveryend Info: Executing hook `AtVeryEndDocument' on input line 45.
Package atveryend Info: Executing hook `AtEndAfterFileList' on input line 45.
Package rerunfilecheck Info: File `main.out' has not changed.
(rerunfilecheck)             Checksum: D438A6E14AE4C173DA595BD687CCC5F7;4849.
Package atveryend Info: Empty hook `AtVeryVeryEnd' on input line 45.
 ) 
Here is how much of TeX's memory you used:
 8899 strings out of 493014
 132716 string characters out of 6133351
 221252 words of memory out of 5000000
 11857 multiletter control sequences out of 15000+600000
 20072 words of font info for 50 fonts, out of 8000000 for 9000
 1141 hyphenation exceptions out of 8191
 36i,18n,44p,2634b,681s stack positions out of 5000i,500n,10000p,200000b,80000s
{/usr/local/texlive/2016/texmf-dist/fonts/enc/dvips/cm-super/cm-super-t1.enc}
{/usr/local/texlive/2016/texmf-dist/fonts/enc/dvips/cm-super/cm-super-ts1.enc}<
/usr/local/texlive/2016/texmf-dist/fonts/type1/public/amsfonts/cm/cmbsy10.pfb><
/usr/local/texlive/2016/texmf-dist/fonts/type1/public/amsfonts/cmextra/cmbsy7.p
fb></usr/local/texlive/2016/texmf-dist/fonts/type1/public/amsfonts/cm/cmbx7.pfb
></usr/local/texlive/2016/texmf-dist/fonts/type1/public/amsfonts/cm/cmex10.pfb>
</usr/local/texlive/2016/texmf-dist/fonts/type1/public/amsfonts/cm/cmmi10.pfb><
/usr/local/texlive/2016/texmf-dist/fonts/type1/public/amsfonts/cm/cmmi5.pfb></u
sr/local/texlive/2016/texmf-dist/fonts/type1/public/amsfonts/cm/cmmi7.pfb></usr
/local/texlive/2016/texmf-dist/fonts/type1/public/amsfonts/cm/cmmib10.pfb></usr
/local/texlive/2016/texmf-dist/fonts/type1/public/amsfonts/cmextra/cmmib7.pfb><
/usr/local/texlive/2016/texmf-dist/fonts/type1/public/amsfonts/cm/cmr10.pfb></u
sr/local/texlive/2016/texmf-dist/fonts/type1/public/amsfonts/cm/cmr5.pfb></usr/
local/texlive/2016/texmf-dist/fonts/type1/public/amsfonts/cm/cmr7.pfb></usr/loc
al/texlive/2016/texmf-dist/fonts/type1/public/amsfonts/cm/cmsy10.pfb></usr/loca
l/texlive/2016/texmf-dist/fonts/type1/public/amsfonts/cm/cmsy5.pfb></usr/local/
texlive/2016/texmf-dist/fonts/type1/public/amsfonts/cm/cmsy7.pfb></usr/local/te
xlive/2016/texmf-dist/fonts/type1/public/cm-super/sfbx1000.pfb></usr/local/texl
ive/2016/texmf-dist/fonts/type1/public/cm-super/sfbx1200.pfb></usr/local/texliv
e/2016/texmf-dist/fonts/type1/public/cm-super/sfbx1440.pfb></usr/local/texlive/
2016/texmf-dist/fonts/type1/public/cm-super/sfbx2074.pfb></usr/local/texlive/20
16/texmf-dist/fonts/type1/public/cm-super/sfbx2488.pfb></usr/local/texlive/2016
/texmf-dist/fonts/type1/public/cm-super/sfrm0700.pfb></usr/local/texlive/2016/t
exmf-dist/fonts/type1/public/cm-super/sfrm1000.pfb></usr/local/texlive/2016/tex
mf-dist/fonts/type1/public/cm-super/sfti1000.pfb>
Output written on main.pdf (80 pages, 20209818 bytes).
PDF statistics:
 1679 PDF objects out of 1728 (max. 8388607)
 1144 compressed objects within 12 object streams
 404 named destinations out of 1000 (max. 500000)
 692 words of extra memory for PDF output out of 10000 (max. 10000000)

