\BOOKMARK [-1][-]{part.1}{I Literature review}{}% 1
\BOOKMARK [-1][-]{part.2}{II Slow earthquakes}{}% 2
\BOOKMARK [0][-]{chapter.1}{Slow slip}{part.2}% 3
\BOOKMARK [0][-]{chapter.2}{Tremor}{part.2}% 4
\BOOKMARK [0][-]{chapter.3}{LFEs}{part.2}% 5
\BOOKMARK [0][-]{chapter.4}{Slow earthquakes}{part.2}% 6
\BOOKMARK [0][-]{chapter.5}{Subduction}{part.2}% 7
\BOOKMARK [-1][-]{part.3}{III Work done on slow earthquakes}{}% 8
\BOOKMARK [0][-]{chapter.6}{Old notes}{part.3}% 9
\BOOKMARK [1][-]{section.6.1}{Computing the amplitudes of the direct and reflected P-, SV- and SH-waves}{chapter.6}% 10
\BOOKMARK [2][-]{subsection.6.1.1}{Computation of the initial amplitudes at the tremor source}{section.6.1}% 11
\BOOKMARK [2][-]{subsection.6.1.2}{Getting the reflection, conversion and transmission coefficients}{section.6.1}% 12
\BOOKMARK [1][-]{section.6.2}{Cross-correlation of tremor recordings}{chapter.6}% 13
\BOOKMARK [2][-]{subsection.6.2.1}{Definitions}{section.6.2}% 14
\BOOKMARK [2][-]{subsection.6.2.2}{Change of coordinates}{section.6.2}% 15
\BOOKMARK [2][-]{subsection.6.2.3}{Stacking}{section.6.2}% 16
\BOOKMARK [1][-]{section.6.3}{Ray tracing}{chapter.6}% 17
\BOOKMARK [2][-]{subsection.6.3.1}{Eikonal equation}{section.6.3}% 18
\BOOKMARK [2][-]{subsection.6.3.2}{Transport equation}{section.6.3}% 19
\BOOKMARK [0][-]{chapter.7}{Work done on depth of the tremor source}{part.3}% 20
\BOOKMARK [1][-]{section.7.1}{Websites to access the data}{chapter.7}% 21
\BOOKMARK [2][-]{subsection.7.1.1}{FDSN}{section.7.1}% 22
\BOOKMARK [2][-]{subsection.7.1.2}{IRIS}{section.7.1}% 23
\BOOKMARK [2][-]{subsection.7.1.3}{PNSN}{section.7.1}% 24
\BOOKMARK [1][-]{section.7.2}{What I have been doing}{chapter.7}% 25
\BOOKMARK [1][-]{section.7.3}{Is the method going to work?}{chapter.7}% 26
\BOOKMARK [1][-]{section.7.4}{Tremor just under the array}{chapter.7}% 27
\BOOKMARK [1][-]{section.7.5}{Different locations of the tremor}{chapter.7}% 28
\BOOKMARK [1][-]{section.7.6}{Things to do}{chapter.7}% 29
\BOOKMARK [0][-]{chapter.8}{Work done on an extended catalog of low-frequency earthquakes}{part.3}% 30
\BOOKMARK [1][-]{section.8.1}{Description of the dataset}{chapter.8}% 31
\BOOKMARK [1][-]{section.8.2}{Websites to access the data}{chapter.8}% 32
\BOOKMARK [1][-]{section.8.3}{Work done}{chapter.8}% 33
\BOOKMARK [1][-]{section.8.4}{Things to do}{chapter.8}% 34
\BOOKMARK [0][-]{chapter.9}{Work done on Investigating slow slip using wavelets}{part.3}% 35
\BOOKMARK [1][-]{section.9.1}{Discrete Wavelet Transform}{chapter.9}% 36
\BOOKMARK [1][-]{section.9.2}{Maximum Overlap Discrete Wavelet Transform}{chapter.9}% 37
\BOOKMARK [1][-]{section.9.3}{Discrete Wavelet Packet Transform}{chapter.9}% 38
\BOOKMARK [2][-]{subsection.9.3.1}{DWPT and MODWPT}{section.9.3}% 39
\BOOKMARK [2][-]{subsection.9.3.2}{Best basis algorithm}{section.9.3}% 40
\BOOKMARK [2][-]{subsection.9.3.3}{Matching pursuit}{section.9.3}% 41
\BOOKMARK [0][-]{chapter.10}{Work done on long-range dependence in low-frequency earthquake catalogs}{part.3}% 42
\BOOKMARK [1][-]{section.10.1}{What is long-range dependence?}{chapter.10}% 43
\BOOKMARK [1][-]{section.10.2}{Long-range dependence in low-frequency earthquake catalogs?}{chapter.10}% 44
\BOOKMARK [0][-]{chapter.11}{Things to do}{part.3}% 45
\BOOKMARK [-1][-]{part.4}{IV Depth of the tremor source}{}% 46
\BOOKMARK [0][-]{chapter.12}{Introduction}{part.4}% 47
\BOOKMARK [0][-]{chapter.13}{Data}{part.4}% 48
\BOOKMARK [0][-]{chapter.14}{Method}{part.4}% 49
\BOOKMARK [0][-]{chapter.15}{Results}{part.4}% 50
\BOOKMARK [0][-]{chapter.16}{Discussion / Conclusion}{part.4}% 51
\BOOKMARK [-1][-]{part.5}{V An extended catalog of low-frequency earthquakes}{}% 52
\BOOKMARK [0][-]{chapter.17}{Introduction}{part.5}% 53
\BOOKMARK [0][-]{chapter.18}{Data}{part.5}% 54
\BOOKMARK [0][-]{chapter.19}{Method}{part.5}% 55
\BOOKMARK [0][-]{chapter.20}{Results}{part.5}% 56
\BOOKMARK [0][-]{chapter.21}{Discussion / Conclusion}{part.5}% 57
\BOOKMARK [-1][-]{part.6}{VI Investigating slow slip using wavelets}{}% 58
\BOOKMARK [0][-]{chapter.22}{Introduction}{part.6}% 59
\BOOKMARK [1][-]{section.22.1}{New Zealand}{chapter.22}% 60
\BOOKMARK [0][-]{chapter.23}{Data}{part.6}% 61
\BOOKMARK [0][-]{chapter.24}{Method}{part.6}% 62
\BOOKMARK [0][-]{chapter.25}{Results}{part.6}% 63
\BOOKMARK [0][-]{chapter.26}{Discussion and things to do}{part.6}% 64
\BOOKMARK [1][-]{section.26.1}{Broader impacts}{chapter.26}% 65
\BOOKMARK [2][-]{subsection.26.1.1}{Better understanding of the seismic hazard}{section.26.1}% 66
\BOOKMARK [2][-]{subsection.26.1.2}{Extension of the method to the study of other phenomena}{section.26.1}% 67
\BOOKMARK [2][-]{subsection.26.1.3}{Data management}{section.26.1}% 68
\BOOKMARK [-1][-]{part.7}{VII Long-range dependence in low-frequency earthquake catalogs}{}% 69
\BOOKMARK [0][-]{chapter.27}{Data}{part.7}% 70
\BOOKMARK [1][-]{section.27.1}{LFE catalogs}{chapter.27}% 71
\BOOKMARK [0][-]{chapter.28}{Method}{part.7}% 72
\BOOKMARK [0][-]{chapter.29}{Results}{part.7}% 73
\BOOKMARK [0][-]{chapter.30}{Discussion / Conclusion}{part.7}% 74
