This is pdfTeX, Version 3.14159265-2.6-1.40.15 (TeX Live 2014) (preloaded format=pdflatex 2015.2.15)  4 SEP 2019 10:16
entering extended mode
 restricted \write18 enabled.
 file:line:error style messages enabled.
 %&-line parsing enabled.
**slides.tex
(./slides.tex
LaTeX2e <2014/05/01>
Babel <3.9k> and hyphenation patterns for 78 languages loaded.
(/usr/local/texlive/2014/texmf-dist/tex/latex/beamer/beamer.cls
(/usr/local/texlive/2014/texmf-dist/tex/latex/beamer/beamerbasercs.sty
Package: beamerbasercs 2013/12/25 (rcs-revision 31cc758a62ae)
)
Document Class: beamer 2013/12/02 3.33 A class for typesetting presentations (r
cs-revision 332bfd3ce558)
(/usr/local/texlive/2014/texmf-dist/tex/latex/beamer/beamerbasemodes.sty
Package: beamerbasemodes 2013/09/03 (rcs-revision 768f2d98ca64)
\beamer@tempbox=\box26
\beamer@tempcount=\count79
\c@beamerpauses=\count80

(/usr/local/texlive/2014/texmf-dist/tex/latex/beamer/beamerbasedecode.sty
Package: beamerbasedecode 2010/05/01 (rcs-revision efa082c6111d)
\beamer@slideinframe=\count81
\beamer@minimum=\count82
)
\beamer@commentbox=\box27
\beamer@modecount=\count83
)
(/usr/local/texlive/2014/texmf-dist/tex/generic/oberdiek/ifpdf.sty
Package: ifpdf 2011/01/30 v2.3 Provides the ifpdf switch (HO)
Package ifpdf Info: pdfTeX in PDF mode is detected.
)
\headheight=\dimen102
\headdp=\dimen103
\footheight=\dimen104
\sidebarheight=\dimen105
\beamer@tempdim=\dimen106
\beamer@finalheight=\dimen107
\beamer@animht=\dimen108
\beamer@animdp=\dimen109
\beamer@animwd=\dimen110
\beamer@leftmargin=\dimen111
\beamer@rightmargin=\dimen112
\beamer@leftsidebar=\dimen113
\beamer@rightsidebar=\dimen114
\beamer@boxsize=\dimen115
\beamer@vboxoffset=\dimen116
\beamer@descdefault=\dimen117
\beamer@descriptionwidth=\dimen118
\beamer@lastskip=\skip41
\beamer@areabox=\box28
\beamer@animcurrent=\box29
\beamer@animshowbox=\box30
\beamer@sectionbox=\box31
\beamer@logobox=\box32
\beamer@linebox=\box33
\beamer@sectioncount=\count84
\beamer@subsubsectionmax=\count85
\beamer@subsectionmax=\count86
\beamer@sectionmax=\count87
\beamer@totalheads=\count88
\beamer@headcounter=\count89
\beamer@partstartpage=\count90
\beamer@sectionstartpage=\count91
\beamer@subsectionstartpage=\count92
\beamer@animationtempa=\count93
\beamer@animationtempb=\count94
\beamer@xpos=\count95
\beamer@ypos=\count96
\beamer@showpartnumber=\count97
\beamer@currentsubsection=\count98
\beamer@coveringdepth=\count99
\beamer@sectionadjust=\count100
\beamer@tocsectionnumber=\count101

(/usr/local/texlive/2014/texmf-dist/tex/latex/beamer/beamerbaseoptions.sty
Package: beamerbaseoptions 2013/03/10 (rcs-revision 47431932db0d)

(/usr/local/texlive/2014/texmf-dist/tex/latex/graphics/keyval.sty
Package: keyval 2014/05/08 v1.15 key=value parser (DPC)
\KV@toks@=\toks14
))
\beamer@paperwidth=\skip42
\beamer@paperheight=\skip43

(/usr/local/texlive/2014/texmf-dist/tex/latex/geometry/geometry.sty
Package: geometry 2010/09/12 v5.6 Page Geometry

(/usr/local/texlive/2014/texmf-dist/tex/generic/oberdiek/ifvtex.sty
Package: ifvtex 2010/03/01 v1.5 Detect VTeX and its facilities (HO)
Package ifvtex Info: VTeX not detected.
)
(/usr/local/texlive/2014/texmf-dist/tex/generic/ifxetex/ifxetex.sty
Package: ifxetex 2010/09/12 v0.6 Provides ifxetex conditional
)
\Gm@cnth=\count102
\Gm@cntv=\count103
\c@Gm@tempcnt=\count104
\Gm@bindingoffset=\dimen119
\Gm@wd@mp=\dimen120
\Gm@odd@mp=\dimen121
\Gm@even@mp=\dimen122
\Gm@layoutwidth=\dimen123
\Gm@layoutheight=\dimen124
\Gm@layouthoffset=\dimen125
\Gm@layoutvoffset=\dimen126
\Gm@dimlist=\toks15
)
(/usr/local/texlive/2014/texmf-dist/tex/latex/base/size11.clo
File: size11.clo 2007/10/19 v1.4h Standard LaTeX file (size option)
)
(/usr/local/texlive/2014/texmf-dist/tex/latex/pgf/basiclayer/pgfcore.sty
(/usr/local/texlive/2014/texmf-dist/tex/latex/graphics/graphicx.sty
Package: graphicx 2014/04/25 v1.0g Enhanced LaTeX Graphics (DPC,SPQR)

(/usr/local/texlive/2014/texmf-dist/tex/latex/graphics/graphics.sty
Package: graphics 2009/02/05 v1.0o Standard LaTeX Graphics (DPC,SPQR)

(/usr/local/texlive/2014/texmf-dist/tex/latex/graphics/trig.sty
Package: trig 1999/03/16 v1.09 sin cos tan (DPC)
)
(/usr/local/texlive/2014/texmf-dist/tex/latex/latexconfig/graphics.cfg
File: graphics.cfg 2010/04/23 v1.9 graphics configuration of TeX Live
)
Package graphics Info: Driver file: pdftex.def on input line 91.

(/usr/local/texlive/2014/texmf-dist/tex/latex/pdftex-def/pdftex.def
File: pdftex.def 2011/05/27 v0.06d Graphics/color for pdfTeX

(/usr/local/texlive/2014/texmf-dist/tex/generic/oberdiek/infwarerr.sty
Package: infwarerr 2010/04/08 v1.3 Providing info/warning/error messages (HO)
)
(/usr/local/texlive/2014/texmf-dist/tex/generic/oberdiek/ltxcmds.sty
Package: ltxcmds 2011/11/09 v1.22 LaTeX kernel commands for general use (HO)
)
\Gread@gobject=\count105
))
\Gin@req@height=\dimen127
\Gin@req@width=\dimen128
)
(/usr/local/texlive/2014/texmf-dist/tex/latex/pgf/systemlayer/pgfsys.sty
(/usr/local/texlive/2014/texmf-dist/tex/latex/pgf/utilities/pgfrcs.sty
(/usr/local/texlive/2014/texmf-dist/tex/generic/pgf/utilities/pgfutil-common.te
x
\pgfutil@everybye=\toks16
\pgfutil@tempdima=\dimen129
\pgfutil@tempdimb=\dimen130

(/usr/local/texlive/2014/texmf-dist/tex/generic/pgf/utilities/pgfutil-common-li
sts.tex))
(/usr/local/texlive/2014/texmf-dist/tex/generic/pgf/utilities/pgfutil-latex.def
\pgfutil@abb=\box34
(/usr/local/texlive/2014/texmf-dist/tex/latex/ms/everyshi.sty
Package: everyshi 2001/05/15 v3.00 EveryShipout Package (MS)
))
(/usr/local/texlive/2014/texmf-dist/tex/generic/pgf/utilities/pgfrcs.code.tex
Package: pgfrcs 2013/12/20 v3.0.0 (rcs-revision 1.28)
))
(/usr/local/texlive/2014/texmf-dist/tex/generic/pgf/systemlayer/pgfsys.code.tex
Package: pgfsys 2013/11/30 v3.0.0 (rcs-revision 1.47)
(/usr/local/texlive/2014/texmf-dist/tex/generic/pgf/utilities/pgfkeys.code.tex
\pgfkeys@pathtoks=\toks17
\pgfkeys@temptoks=\toks18

(/usr/local/texlive/2014/texmf-dist/tex/generic/pgf/utilities/pgfkeysfiltered.c
ode.tex
\pgfkeys@tmptoks=\toks19
))
\pgf@x=\dimen131
\pgf@y=\dimen132
\pgf@xa=\dimen133
\pgf@ya=\dimen134
\pgf@xb=\dimen135
\pgf@yb=\dimen136
\pgf@xc=\dimen137
\pgf@yc=\dimen138
\w@pgf@writea=\write3
\r@pgf@reada=\read1
\c@pgf@counta=\count106
\c@pgf@countb=\count107
\c@pgf@countc=\count108
\c@pgf@countd=\count109
\t@pgf@toka=\toks20
\t@pgf@tokb=\toks21
\t@pgf@tokc=\toks22

(/usr/local/texlive/2014/texmf-dist/tex/generic/pgf/systemlayer/pgf.cfg
File: pgf.cfg 2008/05/14  (rcs-revision 1.7)
)
Driver file for pgf: pgfsys-pdftex.def

(/usr/local/texlive/2014/texmf-dist/tex/generic/pgf/systemlayer/pgfsys-pdftex.d
ef
File: pgfsys-pdftex.def 2013/07/18  (rcs-revision 1.33)

(/usr/local/texlive/2014/texmf-dist/tex/generic/pgf/systemlayer/pgfsys-common-p
df.def
File: pgfsys-common-pdf.def 2013/10/10  (rcs-revision 1.13)
)))
(/usr/local/texlive/2014/texmf-dist/tex/generic/pgf/systemlayer/pgfsyssoftpath.
code.tex
File: pgfsyssoftpath.code.tex 2013/09/09  (rcs-revision 1.9)
\pgfsyssoftpath@smallbuffer@items=\count110
\pgfsyssoftpath@bigbuffer@items=\count111
)
(/usr/local/texlive/2014/texmf-dist/tex/generic/pgf/systemlayer/pgfsysprotocol.
code.tex
File: pgfsysprotocol.code.tex 2006/10/16  (rcs-revision 1.4)
)) (/usr/local/texlive/2014/texmf-dist/tex/latex/xcolor/xcolor.sty
Package: xcolor 2007/01/21 v2.11 LaTeX color extensions (UK)

(/usr/local/texlive/2014/texmf-dist/tex/latex/latexconfig/color.cfg
File: color.cfg 2007/01/18 v1.5 color configuration of teTeX/TeXLive
)
Package xcolor Info: Driver file: pdftex.def on input line 225.
Package xcolor Info: Model `cmy' substituted by `cmy0' on input line 1337.
Package xcolor Info: Model `hsb' substituted by `rgb' on input line 1341.
Package xcolor Info: Model `RGB' extended on input line 1353.
Package xcolor Info: Model `HTML' substituted by `rgb' on input line 1355.
Package xcolor Info: Model `Hsb' substituted by `hsb' on input line 1356.
Package xcolor Info: Model `tHsb' substituted by `hsb' on input line 1357.
Package xcolor Info: Model `HSB' substituted by `hsb' on input line 1358.
Package xcolor Info: Model `Gray' substituted by `gray' on input line 1359.
Package xcolor Info: Model `wave' substituted by `hsb' on input line 1360.
)
(/usr/local/texlive/2014/texmf-dist/tex/generic/pgf/basiclayer/pgfcore.code.tex
Package: pgfcore 2010/04/11 v3.0.0 (rcs-revision 1.7)
(/usr/local/texlive/2014/texmf-dist/tex/generic/pgf/math/pgfmath.code.tex
(/usr/local/texlive/2014/texmf-dist/tex/generic/pgf/math/pgfmathcalc.code.tex
(/usr/local/texlive/2014/texmf-dist/tex/generic/pgf/math/pgfmathutil.code.tex)
(/usr/local/texlive/2014/texmf-dist/tex/generic/pgf/math/pgfmathparser.code.tex
\pgfmath@dimen=\dimen139
\pgfmath@count=\count112
\pgfmath@box=\box35
\pgfmath@toks=\toks23
\pgfmath@stack@operand=\toks24
\pgfmath@stack@operation=\toks25
)
(/usr/local/texlive/2014/texmf-dist/tex/generic/pgf/math/pgfmathfunctions.code.
tex
(/usr/local/texlive/2014/texmf-dist/tex/generic/pgf/math/pgfmathfunctions.basic
.code.tex)
(/usr/local/texlive/2014/texmf-dist/tex/generic/pgf/math/pgfmathfunctions.trigo
nometric.code.tex)
(/usr/local/texlive/2014/texmf-dist/tex/generic/pgf/math/pgfmathfunctions.rando
m.code.tex)
(/usr/local/texlive/2014/texmf-dist/tex/generic/pgf/math/pgfmathfunctions.compa
rison.code.tex)
(/usr/local/texlive/2014/texmf-dist/tex/generic/pgf/math/pgfmathfunctions.base.
code.tex)
(/usr/local/texlive/2014/texmf-dist/tex/generic/pgf/math/pgfmathfunctions.round
.code.tex)
(/usr/local/texlive/2014/texmf-dist/tex/generic/pgf/math/pgfmathfunctions.misc.
code.tex)
(/usr/local/texlive/2014/texmf-dist/tex/generic/pgf/math/pgfmathfunctions.integ
erarithmetics.code.tex)))
(/usr/local/texlive/2014/texmf-dist/tex/generic/pgf/math/pgfmathfloat.code.tex
\c@pgfmathroundto@lastzeros=\count113
))
(/usr/local/texlive/2014/texmf-dist/tex/generic/pgf/basiclayer/pgfcorepoints.co
de.tex
File: pgfcorepoints.code.tex 2013/10/07  (rcs-revision 1.27)
\pgf@picminx=\dimen140
\pgf@picmaxx=\dimen141
\pgf@picminy=\dimen142
\pgf@picmaxy=\dimen143
\pgf@pathminx=\dimen144
\pgf@pathmaxx=\dimen145
\pgf@pathminy=\dimen146
\pgf@pathmaxy=\dimen147
\pgf@xx=\dimen148
\pgf@xy=\dimen149
\pgf@yx=\dimen150
\pgf@yy=\dimen151
\pgf@zx=\dimen152
\pgf@zy=\dimen153
)
(/usr/local/texlive/2014/texmf-dist/tex/generic/pgf/basiclayer/pgfcorepathconst
ruct.code.tex
File: pgfcorepathconstruct.code.tex 2013/10/07  (rcs-revision 1.29)
\pgf@path@lastx=\dimen154
\pgf@path@lasty=\dimen155
)
(/usr/local/texlive/2014/texmf-dist/tex/generic/pgf/basiclayer/pgfcorepathusage
.code.tex
File: pgfcorepathusage.code.tex 2013/12/13  (rcs-revision 1.23)
\pgf@shorten@end@additional=\dimen156
\pgf@shorten@start@additional=\dimen157
)
(/usr/local/texlive/2014/texmf-dist/tex/generic/pgf/basiclayer/pgfcorescopes.co
de.tex
File: pgfcorescopes.code.tex 2013/10/09  (rcs-revision 1.44)
\pgfpic=\box36
\pgf@hbox=\box37
\pgf@layerbox@main=\box38
\pgf@picture@serial@count=\count114
)
(/usr/local/texlive/2014/texmf-dist/tex/generic/pgf/basiclayer/pgfcoregraphicst
ate.code.tex
File: pgfcoregraphicstate.code.tex 2013/09/19  (rcs-revision 1.11)
\pgflinewidth=\dimen158
)
(/usr/local/texlive/2014/texmf-dist/tex/generic/pgf/basiclayer/pgfcoretransform
ations.code.tex
File: pgfcoretransformations.code.tex 2013/10/10  (rcs-revision 1.17)
\pgf@pt@x=\dimen159
\pgf@pt@y=\dimen160
\pgf@pt@temp=\dimen161
)
(/usr/local/texlive/2014/texmf-dist/tex/generic/pgf/basiclayer/pgfcorequick.cod
e.tex
File: pgfcorequick.code.tex 2008/10/09  (rcs-revision 1.3)
)
(/usr/local/texlive/2014/texmf-dist/tex/generic/pgf/basiclayer/pgfcoreobjects.c
ode.tex
File: pgfcoreobjects.code.tex 2006/10/11  (rcs-revision 1.2)
)
(/usr/local/texlive/2014/texmf-dist/tex/generic/pgf/basiclayer/pgfcorepathproce
ssing.code.tex
File: pgfcorepathprocessing.code.tex 2013/09/09  (rcs-revision 1.9)
)
(/usr/local/texlive/2014/texmf-dist/tex/generic/pgf/basiclayer/pgfcorearrows.co
de.tex
File: pgfcorearrows.code.tex 2013/11/07  (rcs-revision 1.40)
\pgfarrowsep=\dimen162
)
(/usr/local/texlive/2014/texmf-dist/tex/generic/pgf/basiclayer/pgfcoreshade.cod
e.tex
File: pgfcoreshade.code.tex 2013/07/15  (rcs-revision 1.15)
\pgf@max=\dimen163
\pgf@sys@shading@range@num=\count115
)
(/usr/local/texlive/2014/texmf-dist/tex/generic/pgf/basiclayer/pgfcoreimage.cod
e.tex
File: pgfcoreimage.code.tex 2013/07/15  (rcs-revision 1.18)

(/usr/local/texlive/2014/texmf-dist/tex/generic/pgf/basiclayer/pgfcoreexternal.
code.tex
File: pgfcoreexternal.code.tex 2013/07/15  (rcs-revision 1.20)
\pgfexternal@startupbox=\box39
))
(/usr/local/texlive/2014/texmf-dist/tex/generic/pgf/basiclayer/pgfcorelayers.co
de.tex
File: pgfcorelayers.code.tex 2013/07/18  (rcs-revision 1.7)
)
(/usr/local/texlive/2014/texmf-dist/tex/generic/pgf/basiclayer/pgfcoretranspare
ncy.code.tex
File: pgfcoretransparency.code.tex 2013/09/30  (rcs-revision 1.5)
)
(/usr/local/texlive/2014/texmf-dist/tex/generic/pgf/basiclayer/pgfcorepatterns.
code.tex
File: pgfcorepatterns.code.tex 2013/11/07  (rcs-revision 1.5)
)))
(/usr/local/texlive/2014/texmf-dist/tex/latex/pgf/utilities/xxcolor.sty
Package: xxcolor 2003/10/24 ver 0.1
\XC@nummixins=\count116
\XC@countmixins=\count117
)
(/usr/local/texlive/2014/texmf-dist/tex/generic/oberdiek/atbegshi.sty
Package: atbegshi 2011/10/05 v1.16 At begin shipout hook (HO)
)
(/usr/local/texlive/2014/texmf-dist/tex/latex/hyperref/hyperref.sty
Package: hyperref 2012/11/06 v6.83m Hypertext links for LaTeX

(/usr/local/texlive/2014/texmf-dist/tex/generic/oberdiek/hobsub-hyperref.sty
Package: hobsub-hyperref 2012/05/28 v1.13 Bundle oberdiek, subset hyperref (HO)


(/usr/local/texlive/2014/texmf-dist/tex/generic/oberdiek/hobsub-generic.sty
Package: hobsub-generic 2012/05/28 v1.13 Bundle oberdiek, subset generic (HO)
Package: hobsub 2012/05/28 v1.13 Construct package bundles (HO)
Package hobsub Info: Skipping package `infwarerr' (already loaded).
Package hobsub Info: Skipping package `ltxcmds' (already loaded).
Package: ifluatex 2010/03/01 v1.3 Provides the ifluatex switch (HO)
Package ifluatex Info: LuaTeX not detected.
Package hobsub Info: Skipping package `ifvtex' (already loaded).
Package: intcalc 2007/09/27 v1.1 Expandable calculations with integers (HO)
Package hobsub Info: Skipping package `ifpdf' (already loaded).
Package: etexcmds 2011/02/16 v1.5 Avoid name clashes with e-TeX commands (HO)
Package etexcmds Info: Could not find \expanded.
(etexcmds)             That can mean that you are not using pdfTeX 1.50 or
(etexcmds)             that some package has redefined \expanded.
(etexcmds)             In the latter case, load this package earlier.
Package: kvsetkeys 2012/04/25 v1.16 Key value parser (HO)
Package: kvdefinekeys 2011/04/07 v1.3 Define keys (HO)
Package: pdftexcmds 2011/11/29 v0.20 Utility functions of pdfTeX for LuaTeX (HO
)
Package pdftexcmds Info: LuaTeX not detected.
Package pdftexcmds Info: \pdf@primitive is available.
Package pdftexcmds Info: \pdf@ifprimitive is available.
Package pdftexcmds Info: \pdfdraftmode found.
Package: pdfescape 2011/11/25 v1.13 Implements pdfTeX's escape features (HO)
Package: bigintcalc 2012/04/08 v1.3 Expandable calculations on big integers (HO
)
Package: bitset 2011/01/30 v1.1 Handle bit-vector datatype (HO)
Package: uniquecounter 2011/01/30 v1.2 Provide unlimited unique counter (HO)
)
Package hobsub Info: Skipping package `hobsub' (already loaded).
Package: letltxmacro 2010/09/02 v1.4 Let assignment for LaTeX macros (HO)
Package: hopatch 2012/05/28 v1.2 Wrapper for package hooks (HO)
Package: xcolor-patch 2011/01/30 xcolor patch
Package: atveryend 2011/06/30 v1.8 Hooks at the very end of document (HO)
Package atveryend Info: \enddocument detected (standard20110627).
Package hobsub Info: Skipping package `atbegshi' (already loaded).
Package: refcount 2011/10/16 v3.4 Data extraction from label references (HO)
Package: hycolor 2011/01/30 v1.7 Color options for hyperref/bookmark (HO)
)
(/usr/local/texlive/2014/texmf-dist/tex/latex/oberdiek/auxhook.sty
Package: auxhook 2011/03/04 v1.3 Hooks for auxiliary files (HO)
)
(/usr/local/texlive/2014/texmf-dist/tex/latex/oberdiek/kvoptions.sty
Package: kvoptions 2011/06/30 v3.11 Key value format for package options (HO)
)
\@linkdim=\dimen164
\Hy@linkcounter=\count118
\Hy@pagecounter=\count119

(/usr/local/texlive/2014/texmf-dist/tex/latex/hyperref/pd1enc.def
File: pd1enc.def 2012/11/06 v6.83m Hyperref: PDFDocEncoding definition (HO)
)
\Hy@SavedSpaceFactor=\count120

(/usr/local/texlive/2014/texmf-dist/tex/latex/latexconfig/hyperref.cfg
File: hyperref.cfg 2002/06/06 v1.2 hyperref configuration of TeXLive
)
Package hyperref Info: Option `bookmarks' set `true' on input line 4319.
Package hyperref Info: Option `bookmarksopen' set `true' on input line 4319.
Package hyperref Info: Option `implicit' set `false' on input line 4319.
Package hyperref Info: Hyper figures OFF on input line 4443.
Package hyperref Info: Link nesting OFF on input line 4448.
Package hyperref Info: Hyper index ON on input line 4451.
Package hyperref Info: Plain pages OFF on input line 4458.
Package hyperref Info: Backreferencing OFF on input line 4463.
Package hyperref Info: Implicit mode OFF; no redefinition of LaTeX internals.
Package hyperref Info: Bookmarks ON on input line 4688.
\c@Hy@tempcnt=\count121

(/usr/local/texlive/2014/texmf-dist/tex/latex/url/url.sty
\Urlmuskip=\muskip10
Package: url 2013/09/16  ver 3.4  Verb mode for urls, etc.
)
LaTeX Info: Redefining \url on input line 5041.
\XeTeXLinkMargin=\dimen165
\Fld@menulength=\count122
\Field@Width=\dimen166
\Fld@charsize=\dimen167
Package hyperref Info: Hyper figures OFF on input line 6295.
Package hyperref Info: Link nesting OFF on input line 6300.
Package hyperref Info: Hyper index ON on input line 6303.
Package hyperref Info: backreferencing OFF on input line 6310.
Package hyperref Info: Link coloring OFF on input line 6315.
Package hyperref Info: Link coloring with OCG OFF on input line 6320.
Package hyperref Info: PDF/A mode OFF on input line 6325.
LaTeX Info: Redefining \ref on input line 6365.
LaTeX Info: Redefining \pageref on input line 6369.
\Hy@abspage=\count123


Package hyperref Message: Stopped early.

)

Package hyperref Message: Driver (autodetected): hpdftex.

(/usr/local/texlive/2014/texmf-dist/tex/latex/hyperref/hpdftex.def
File: hpdftex.def 2012/11/06 v6.83m Hyperref driver for pdfTeX
\Fld@listcount=\count124
\c@bookmark@seq@number=\count125

(/usr/local/texlive/2014/texmf-dist/tex/latex/oberdiek/rerunfilecheck.sty
Package: rerunfilecheck 2011/04/15 v1.7 Rerun checks for auxiliary files (HO)
Package uniquecounter Info: New unique counter `rerunfilecheck' on input line 2
82.
))
(/usr/local/texlive/2014/texmf-dist/tex/latex/beamer/beamerbaserequires.sty
Package: beamerbaserequires 2010/05/01  (rcs-revision efa082c6111d)

(/usr/local/texlive/2014/texmf-dist/tex/latex/beamer/beamerbasecompatibility.st
y
Package: beamerbasecompatibility 2012/05/01  (rcs-revision 67c48b3b652d)
) (/usr/local/texlive/2014/texmf-dist/tex/latex/beamer/beamerbasefont.sty
Package: beamerbasefont 2013/10/18  (rcs-revision 72f39e01808a)

(/usr/local/texlive/2014/texmf-dist/tex/latex/amsfonts/amssymb.sty
Package: amssymb 2013/01/14 v3.01 AMS font symbols

(/usr/local/texlive/2014/texmf-dist/tex/latex/amsfonts/amsfonts.sty
Package: amsfonts 2013/01/14 v3.01 Basic AMSFonts support
\@emptytoks=\toks26
\symAMSa=\mathgroup4
\symAMSb=\mathgroup5
LaTeX Font Info:    Overwriting math alphabet `\mathfrak' in version `bold'
(Font)                  U/euf/m/n --> U/euf/b/n on input line 106.
))
(/usr/local/texlive/2014/texmf-dist/tex/latex/sansmathaccent/sansmathaccent.sty
Package: sansmathaccent 2013/03/28
(/usr/local/texlive/2014/texmf-dist/tex/latex/filehook/filehook.sty
Package: filehook 2011/10/12 v0.5d Hooks for input files
)))
(/usr/local/texlive/2014/texmf-dist/tex/latex/beamer/beamerbasetranslator.sty
Package: beamerbasetranslator 2010/06/11  (rcs-revision 85fd1cc7fc42)

(/usr/local/texlive/2014/texmf-dist/tex/latex/beamer/translator/translator.sty
Package: translator 2010/06/12 ver 1.10

(/usr/local/texlive/2014/texmf-dist/tex/latex/beamer/translator/translator-lang
uage-mappings.tex)))
(/usr/local/texlive/2014/texmf-dist/tex/latex/beamer/beamerbasemisc.sty
Package: beamerbasemisc 2013/09/03  (rcs-revision a55719c41d85)
)
(/usr/local/texlive/2014/texmf-dist/tex/latex/beamer/beamerbasetwoscreens.sty
Package: beamerbasetwoscreens 2010/05/01  (rcs-revision efa082c6111d)
)
(/usr/local/texlive/2014/texmf-dist/tex/latex/beamer/beamerbaseoverlay.sty
Package: beamerbaseoverlay 2013/12/25  (rcs-revision f6bd5e3805da)
\beamer@argscount=\count126
\beamer@lastskipcover=\skip44
\beamer@trivlistdepth=\count127
)
(/usr/local/texlive/2014/texmf-dist/tex/latex/beamer/beamerbasetitle.sty
Package: beamerbasetitle 2010/09/21  (rcs-revision f0446ed0b6ae)
)
(/usr/local/texlive/2014/texmf-dist/tex/latex/beamer/beamerbasesection.sty
Package: beamerbasesection 2013/06/07  (rcs-revision 60b9fe0f342f)
\c@lecture=\count128
\c@part=\count129
\c@section=\count130
\c@subsection=\count131
\c@subsubsection=\count132
)
(/usr/local/texlive/2014/texmf-dist/tex/latex/beamer/beamerbaseframe.sty
Package: beamerbaseframe 2013/10/02  (rcs-revision cdc8e9a3aaac)
\beamer@framebox=\box40
\beamer@frametitlebox=\box41
\beamer@zoombox=\box42
\beamer@zoomcount=\count133
\beamer@zoomframecount=\count134
\beamer@frametextheight=\dimen168
\c@subsectionslide=\count135
\beamer@frametopskip=\skip45
\beamer@framebottomskip=\skip46
\beamer@frametopskipautobreak=\skip47
\beamer@framebottomskipautobreak=\skip48
\beamer@envbody=\toks27
\framewidth=\dimen169
\c@framenumber=\count136
)
(/usr/local/texlive/2014/texmf-dist/tex/latex/beamer/beamerbaseverbatim.sty
Package: beamerbaseverbatim 2012/08/30  (rcs-revision dfdb135076b3)
\beamer@verbatimfileout=\write4
)
(/usr/local/texlive/2014/texmf-dist/tex/latex/beamer/beamerbaseframesize.sty
Package: beamerbaseframesize 2011/09/12  (rcs-revision 70f9d8411e54)
\beamer@splitbox=\box43
\beamer@autobreakcount=\count137
\beamer@autobreaklastheight=\dimen170
\beamer@frametitletoks=\toks28
\beamer@framesubtitletoks=\toks29
)
(/usr/local/texlive/2014/texmf-dist/tex/latex/beamer/beamerbaseframecomponents.
sty
Package: beamerbaseframecomponents 2013/10/18  (rcs-revision 5cf6c5555a45)
\beamer@footins=\box44
) (/usr/local/texlive/2014/texmf-dist/tex/latex/beamer/beamerbasecolor.sty
Package: beamerbasecolor 2010/06/06  (rcs-revision d1a9b48be06d)
)
(/usr/local/texlive/2014/texmf-dist/tex/latex/beamer/beamerbasenotes.sty
Package: beamerbasenotes 2012/12/19  (rcs-revision 1686da3db3c9)
\beamer@frameboxcopy=\box45
)
(/usr/local/texlive/2014/texmf-dist/tex/latex/beamer/beamerbasetoc.sty
Package: beamerbasetoc 2013/05/23  (rcs-revision 0fdf5bc43be8)
)
(/usr/local/texlive/2014/texmf-dist/tex/latex/beamer/beamerbasetemplates.sty
Package: beamerbasetemplates 2010/05/01  (rcs-revision efa082c6111d)
\beamer@sbttoks=\toks30

(/usr/local/texlive/2014/texmf-dist/tex/latex/beamer/beamerbaseauxtemplates.sty
Package: beamerbaseauxtemplates 2013/09/04  (rcs-revision 4ac715c499d0)
(/usr/local/texlive/2014/texmf-dist/tex/latex/beamer/beamerbaseboxes.sty
Package: beamerbaseboxes 2012/05/13  (rcs-revision 56972908a390)
\bmb@box=\box46
\bmb@colorbox=\box47
\bmb@boxshadow=\box48
\bmb@boxshadowball=\box49
\bmb@boxshadowballlarge=\box50
\bmb@temp=\dimen171
\bmb@dima=\dimen172
\bmb@dimb=\dimen173
\bmb@prevheight=\dimen174
)
\beamer@blockheadheight=\dimen175
))
(/usr/local/texlive/2014/texmf-dist/tex/latex/beamer/beamerbaselocalstructure.s
ty
Package: beamerbaselocalstructure 2013/09/04  (rcs-revision 4ac715c499d0)
 (/usr/local/texlive/2014/texmf-dist/tex/latex/tools/enumerate.sty
Package: enumerate 1999/03/05 v3.00 enumerate extensions (DPC)
\@enLab=\toks31
)
\c@figure=\count138
\c@table=\count139
\abovecaptionskip=\skip49
\belowcaptionskip=\skip50
)
(/usr/local/texlive/2014/texmf-dist/tex/latex/beamer/beamerbasenavigation.sty
Package: beamerbasenavigation 2013/10/05  (rcs-revision 62be157fe783)
\beamer@section@min@dim=\dimen176
)
(/usr/local/texlive/2014/texmf-dist/tex/latex/beamer/beamerbasetheorems.sty
Package: beamerbasetheorems 2010/06/06  (rcs-revision 7e7cc5e53e9d)

(/usr/local/texlive/2014/texmf-dist/tex/latex/amsmath/amsmath.sty
Package: amsmath 2013/01/14 v2.14 AMS math features
\@mathmargin=\skip51

For additional information on amsmath, use the `?' option.
(/usr/local/texlive/2014/texmf-dist/tex/latex/amsmath/amstext.sty
Package: amstext 2000/06/29 v2.01

(/usr/local/texlive/2014/texmf-dist/tex/latex/amsmath/amsgen.sty
File: amsgen.sty 1999/11/30 v2.0
\@emptytoks=\toks32
\ex@=\dimen177
))
(/usr/local/texlive/2014/texmf-dist/tex/latex/amsmath/amsbsy.sty
Package: amsbsy 1999/11/29 v1.2d
\pmbraise@=\dimen178
)
(/usr/local/texlive/2014/texmf-dist/tex/latex/amsmath/amsopn.sty
Package: amsopn 1999/12/14 v2.01 operator names
)
\inf@bad=\count140
LaTeX Info: Redefining \frac on input line 210.
\uproot@=\count141
\leftroot@=\count142
LaTeX Info: Redefining \overline on input line 306.
\classnum@=\count143
\DOTSCASE@=\count144
LaTeX Info: Redefining \ldots on input line 378.
LaTeX Info: Redefining \dots on input line 381.
LaTeX Info: Redefining \cdots on input line 466.
\Mathstrutbox@=\box51
\strutbox@=\box52
\big@size=\dimen179
LaTeX Font Info:    Redeclaring font encoding OML on input line 566.
LaTeX Font Info:    Redeclaring font encoding OMS on input line 567.
\macc@depth=\count145
\c@MaxMatrixCols=\count146
\dotsspace@=\muskip11
\c@parentequation=\count147
\dspbrk@lvl=\count148
\tag@help=\toks33
\row@=\count149
\column@=\count150
\maxfields@=\count151
\andhelp@=\toks34
\eqnshift@=\dimen180
\alignsep@=\dimen181
\tagshift@=\dimen182
\tagwidth@=\dimen183
\totwidth@=\dimen184
\lineht@=\dimen185
\@envbody=\toks35
\multlinegap=\skip52
\multlinetaggap=\skip53
\mathdisplay@stack=\toks36
LaTeX Info: Redefining \[ on input line 2665.
LaTeX Info: Redefining \] on input line 2666.
)
(/usr/local/texlive/2014/texmf-dist/tex/latex/amscls/amsthm.sty
Package: amsthm 2004/08/06 v2.20
\thm@style=\toks37
\thm@bodyfont=\toks38
\thm@headfont=\toks39
\thm@notefont=\toks40
\thm@headpunct=\toks41
\thm@preskip=\skip54
\thm@postskip=\skip55
\thm@headsep=\skip56
\dth@everypar=\toks42
)
\c@theorem=\count152
)
(/usr/local/texlive/2014/texmf-dist/tex/latex/beamer/beamerbasethemes.sty
Package: beamerbasethemes 2010/05/01  (rcs-revision efa082c6111d)
))
(/usr/local/texlive/2014/texmf-dist/tex/latex/beamer/themes/theme/beamerthemede
fault.sty
Package: beamerthemedefault 2010/06/17  (rcs-revision d02a7cf4d8ae)

(/usr/local/texlive/2014/texmf-dist/tex/latex/beamer/themes/font/beamerfontthem
edefault.sty
Package: beamerfontthemedefault 2012/12/19  (rcs-revision 1686da3db3c9)
)
(/usr/local/texlive/2014/texmf-dist/tex/latex/beamer/themes/color/beamercolorth
emedefault.sty
Package: beamercolorthemedefault 2012/12/19  (rcs-revision 1686da3db3c9)
)
(/usr/local/texlive/2014/texmf-dist/tex/latex/beamer/themes/inner/beamerinnerth
emedefault.sty
Package: beamerinnerthemedefault 2013/10/15  (rcs-revision 65cb471f9634)
\beamer@dima=\dimen186
\beamer@dimb=\dimen187
)
(/usr/local/texlive/2014/texmf-dist/tex/latex/beamer/themes/outer/beamerouterth
emedefault.sty
Package: beamerouterthemedefault 2012/12/19  (rcs-revision 1686da3db3c9)
)))
(/usr/local/texlive/2014/texmf-dist/tex/latex/oberdiek/epstopdf.sty
Package: epstopdf 2010/02/09 v2.5 Conversion with epstopdf on the fly (HO)

(/usr/local/texlive/2014/texmf-dist/tex/latex/oberdiek/epstopdf-base.sty
Package: epstopdf-base 2010/02/09 v2.5 Base part for package epstopdf

(/usr/local/texlive/2014/texmf-dist/tex/latex/oberdiek/grfext.sty
Package: grfext 2010/08/19 v1.1 Manage graphics extensions (HO)
)
Package grfext Info: Graphics extension search list:
(grfext)             [.png,.pdf,.jpg,.mps,.jpeg,.jbig2,.jb2,.PNG,.PDF,.JPG,.JPE
G,.JBIG2,.JB2,.eps]
(grfext)             \AppendGraphicsExtensions on input line 452.

(/usr/local/texlive/2014/texmf-dist/tex/latex/latexconfig/epstopdf-sys.cfg
File: epstopdf-sys.cfg 2010/07/13 v1.3 Configuration of (r)epstopdf for TeX Liv
e
)))
(/usr/local/texlive/2014/texmf-dist/tex/latex/was/gensymb.sty
Package: gensymb 2003/07/02 v1.0 (WaS)
)
(/usr/local/texlive/2014/texmf-dist/tex/latex/base/textcomp.sty
Package: textcomp 2005/09/27 v1.99g Standard LaTeX package
Package textcomp Info: Sub-encoding information:
(textcomp)               5 = only ISO-Adobe without \textcurrency
(textcomp)               4 = 5 + \texteuro
(textcomp)               3 = 4 + \textohm
(textcomp)               2 = 3 + \textestimated + \textcurrency
(textcomp)               1 = TS1 - \textcircled - \t
(textcomp)               0 = TS1 (full)
(textcomp)             Font families with sub-encoding setting implement
(textcomp)             only a restricted character set as indicated.
(textcomp)             Family '?' is the default used for unknown fonts.
(textcomp)             See the documentation for details.
Package textcomp Info: Setting ? sub-encoding to TS1/1 on input line 71.

(/usr/local/texlive/2014/texmf-dist/tex/latex/base/ts1enc.def
File: ts1enc.def 2001/06/05 v3.0e (jk/car/fm) Standard LaTeX file
)
LaTeX Info: Redefining \oldstylenums on input line 266.
Package textcomp Info: Setting cmr sub-encoding to TS1/0 on input line 281.
Package textcomp Info: Setting cmss sub-encoding to TS1/0 on input line 282.
Package textcomp Info: Setting cmtt sub-encoding to TS1/0 on input line 283.
Package textcomp Info: Setting cmvtt sub-encoding to TS1/0 on input line 284.
Package textcomp Info: Setting cmbr sub-encoding to TS1/0 on input line 285.
Package textcomp Info: Setting cmtl sub-encoding to TS1/0 on input line 286.
Package textcomp Info: Setting ccr sub-encoding to TS1/0 on input line 287.
Package textcomp Info: Setting ptm sub-encoding to TS1/4 on input line 288.
Package textcomp Info: Setting pcr sub-encoding to TS1/4 on input line 289.
Package textcomp Info: Setting phv sub-encoding to TS1/4 on input line 290.
Package textcomp Info: Setting ppl sub-encoding to TS1/3 on input line 291.
Package textcomp Info: Setting pag sub-encoding to TS1/4 on input line 292.
Package textcomp Info: Setting pbk sub-encoding to TS1/4 on input line 293.
Package textcomp Info: Setting pnc sub-encoding to TS1/4 on input line 294.
Package textcomp Info: Setting pzc sub-encoding to TS1/4 on input line 295.
Package textcomp Info: Setting bch sub-encoding to TS1/4 on input line 296.
Package textcomp Info: Setting put sub-encoding to TS1/5 on input line 297.
Package textcomp Info: Setting uag sub-encoding to TS1/5 on input line 298.
Package textcomp Info: Setting ugq sub-encoding to TS1/5 on input line 299.
Package textcomp Info: Setting ul8 sub-encoding to TS1/4 on input line 300.
Package textcomp Info: Setting ul9 sub-encoding to TS1/4 on input line 301.
Package textcomp Info: Setting augie sub-encoding to TS1/5 on input line 302.
Package textcomp Info: Setting dayrom sub-encoding to TS1/3 on input line 303.
Package textcomp Info: Setting dayroms sub-encoding to TS1/3 on input line 304.

Package textcomp Info: Setting pxr sub-encoding to TS1/0 on input line 305.
Package textcomp Info: Setting pxss sub-encoding to TS1/0 on input line 306.
Package textcomp Info: Setting pxtt sub-encoding to TS1/0 on input line 307.
Package textcomp Info: Setting txr sub-encoding to TS1/0 on input line 308.
Package textcomp Info: Setting txss sub-encoding to TS1/0 on input line 309.
Package textcomp Info: Setting txtt sub-encoding to TS1/0 on input line 310.
Package textcomp Info: Setting lmr sub-encoding to TS1/0 on input line 311.
Package textcomp Info: Setting lmdh sub-encoding to TS1/0 on input line 312.
Package textcomp Info: Setting lmss sub-encoding to TS1/0 on input line 313.
Package textcomp Info: Setting lmssq sub-encoding to TS1/0 on input line 314.
Package textcomp Info: Setting lmvtt sub-encoding to TS1/0 on input line 315.
Package textcomp Info: Setting qhv sub-encoding to TS1/0 on input line 316.
Package textcomp Info: Setting qag sub-encoding to TS1/0 on input line 317.
Package textcomp Info: Setting qbk sub-encoding to TS1/0 on input line 318.
Package textcomp Info: Setting qcr sub-encoding to TS1/0 on input line 319.
Package textcomp Info: Setting qcs sub-encoding to TS1/0 on input line 320.
Package textcomp Info: Setting qpl sub-encoding to TS1/0 on input line 321.
Package textcomp Info: Setting qtm sub-encoding to TS1/0 on input line 322.
Package textcomp Info: Setting qzc sub-encoding to TS1/0 on input line 323.
Package textcomp Info: Setting qhvc sub-encoding to TS1/0 on input line 324.
Package textcomp Info: Setting futs sub-encoding to TS1/4 on input line 325.
Package textcomp Info: Setting futx sub-encoding to TS1/4 on input line 326.
Package textcomp Info: Setting futj sub-encoding to TS1/4 on input line 327.
Package textcomp Info: Setting hlh sub-encoding to TS1/3 on input line 328.
Package textcomp Info: Setting hls sub-encoding to TS1/3 on input line 329.
Package textcomp Info: Setting hlst sub-encoding to TS1/3 on input line 330.
Package textcomp Info: Setting hlct sub-encoding to TS1/5 on input line 331.
Package textcomp Info: Setting hlx sub-encoding to TS1/5 on input line 332.
Package textcomp Info: Setting hlce sub-encoding to TS1/5 on input line 333.
Package textcomp Info: Setting hlcn sub-encoding to TS1/5 on input line 334.
Package textcomp Info: Setting hlcw sub-encoding to TS1/5 on input line 335.
Package textcomp Info: Setting hlcf sub-encoding to TS1/5 on input line 336.
Package textcomp Info: Setting pplx sub-encoding to TS1/3 on input line 337.
Package textcomp Info: Setting pplj sub-encoding to TS1/3 on input line 338.
Package textcomp Info: Setting ptmx sub-encoding to TS1/4 on input line 339.
Package textcomp Info: Setting ptmj sub-encoding to TS1/4 on input line 340.
)
(/usr/local/texlive/2014/texmf-dist/tex/latex/beamer/themes/theme/beamerthemeWa
rsaw.sty
Package: beamerthemeWarsaw 2010/06/17  (rcs-revision d02a7cf4d8ae)

(/usr/local/texlive/2014/texmf-dist/tex/latex/beamer/themes/inner/beamerinnerth
emerounded.sty
Package: beamerinnerthemerounded 2010/06/17  (rcs-revision d02a7cf4d8ae)
)
(/usr/local/texlive/2014/texmf-dist/tex/latex/beamer/themes/outer/beamerouterth
emeshadow.sty
Package: beamerouterthemeshadow 2010/06/17  (rcs-revision d02a7cf4d8ae)

(/usr/local/texlive/2014/texmf-dist/tex/latex/beamer/themes/outer/beamerouterth
emesplit.sty
Package: beamerouterthemesplit 2012/10/16  (rcs-revision 51a8c72084af)
))
(/usr/local/texlive/2014/texmf-dist/tex/latex/beamer/themes/color/beamercolorth
emeorchid.sty
Package: beamercolorthemeorchid 2010/06/17  (rcs-revision d02a7cf4d8ae)
)
(/usr/local/texlive/2014/texmf-dist/tex/latex/beamer/themes/color/beamercolorth
emewhale.sty
Package: beamercolorthemewhale 2010/06/17  (rcs-revision d02a7cf4d8ae)
)) (./slides.aux)
\openout1 = `slides.aux'.

LaTeX Font Info:    Checking defaults for OML/cmm/m/it on input line 21.
LaTeX Font Info:    ... okay on input line 21.
LaTeX Font Info:    Checking defaults for T1/cmr/m/n on input line 21.
LaTeX Font Info:    ... okay on input line 21.
LaTeX Font Info:    Checking defaults for OT1/cmr/m/n on input line 21.
LaTeX Font Info:    ... okay on input line 21.
LaTeX Font Info:    Checking defaults for OMS/cmsy/m/n on input line 21.
LaTeX Font Info:    ... okay on input line 21.
LaTeX Font Info:    Checking defaults for OMX/cmex/m/n on input line 21.
LaTeX Font Info:    ... okay on input line 21.
LaTeX Font Info:    Checking defaults for U/cmr/m/n on input line 21.
LaTeX Font Info:    ... okay on input line 21.
LaTeX Font Info:    Checking defaults for PD1/pdf/m/n on input line 21.
LaTeX Font Info:    ... okay on input line 21.
LaTeX Font Info:    Checking defaults for TS1/cmr/m/n on input line 21.
LaTeX Font Info:    Try loading font information for TS1+cmr on input line 21.

(/usr/local/texlive/2014/texmf-dist/tex/latex/base/ts1cmr.fd
File: ts1cmr.fd 1999/05/25 v2.5h Standard LaTeX font definitions
)
LaTeX Font Info:    ... okay on input line 21.

*geometry* driver: auto-detecting
*geometry* detected driver: pdftex
*geometry* verbose mode - [ preamble ] result:
* driver: pdftex
* paper: custom
* layout: <same size as paper>
* layoutoffset:(h,v)=(0.0pt,0.0pt)
* modes: includehead includefoot 
* h-part:(L,W,R)=(28.45274pt, 307.28987pt, 28.45274pt)
* v-part:(T,H,B)=(0.0pt, 273.14662pt, 0.0pt)
* \paperwidth=364.19536pt
* \paperheight=273.14662pt
* \textwidth=307.28987pt
* \textheight=244.6939pt
* \oddsidemargin=-43.81725pt
* \evensidemargin=-43.81725pt
* \topmargin=-72.26999pt
* \headheight=14.22636pt
* \headsep=0.0pt
* \topskip=11.0pt
* \footskip=14.22636pt
* \marginparwidth=4.0pt
* \marginparsep=10.0pt
* \columnsep=10.0pt
* \skip\footins=10.0pt plus 4.0pt minus 2.0pt
* \hoffset=0.0pt
* \voffset=0.0pt
* \mag=1000
* \@twocolumnfalse
* \@twosidefalse
* \@mparswitchfalse
* \@reversemarginfalse
* (1in=72.27pt=25.4mm, 1cm=28.453pt)

(/usr/local/texlive/2014/texmf-dist/tex/context/base/supp-pdf.mkii
[Loading MPS to PDF converter (version 2006.09.02).]
\scratchcounter=\count153
\scratchdimen=\dimen188
\scratchbox=\box53
\nofMPsegments=\count154
\nofMParguments=\count155
\everyMPshowfont=\toks43
\MPscratchCnt=\count156
\MPscratchDim=\dimen189
\MPnumerator=\count157
\makeMPintoPDFobject=\count158
\everyMPtoPDFconversion=\toks44
) ABD: EveryShipout initializing macros
\AtBeginShipoutBox=\box54
Package hyperref Info: Link coloring OFF on input line 21.

(/usr/local/texlive/2014/texmf-dist/tex/latex/hyperref/nameref.sty
Package: nameref 2012/10/27 v2.43 Cross-referencing by name of section

(/usr/local/texlive/2014/texmf-dist/tex/generic/oberdiek/gettitlestring.sty
Package: gettitlestring 2010/12/03 v1.4 Cleanup title references (HO)
)
\c@section@level=\count159
)
LaTeX Info: Redefining \ref on input line 21.
LaTeX Info: Redefining \pageref on input line 21.
LaTeX Info: Redefining \nameref on input line 21.

(./slides.out) (./slides.out)
\@outlinefile=\write5
\openout5 = `slides.out'.

LaTeX Font Info:    Overwriting symbol font `operators' in version `normal'
(Font)                  OT1/cmr/m/n --> OT1/cmss/m/n on input line 21.
LaTeX Font Info:    Overwriting symbol font `operators' in version `bold'
(Font)                  OT1/cmr/bx/n --> OT1/cmss/bx/n on input line 21.
\symnumbers=\mathgroup6
\sympureletters=\mathgroup7
LaTeX Font Info:    Overwriting math alphabet `\mathrm' in version `normal'
(Font)                  OT1/cmss/m/n --> OT1/cmr/m/n on input line 21.
LaTeX Font Info:    Redeclaring math alphabet \mathbf on input line 21.
LaTeX Font Info:    Overwriting math alphabet `\mathbf' in version `normal'
(Font)                  OT1/cmr/bx/n --> OT1/cmss/bx/n on input line 21.
LaTeX Font Info:    Overwriting math alphabet `\mathbf' in version `bold'
(Font)                  OT1/cmr/bx/n --> OT1/cmss/bx/n on input line 21.
LaTeX Font Info:    Redeclaring math alphabet \mathsf on input line 21.
LaTeX Font Info:    Overwriting math alphabet `\mathsf' in version `normal'
(Font)                  OT1/cmss/m/n --> OT1/cmss/m/n on input line 21.
LaTeX Font Info:    Overwriting math alphabet `\mathsf' in version `bold'
(Font)                  OT1/cmss/bx/n --> OT1/cmss/m/n on input line 21.
LaTeX Font Info:    Redeclaring math alphabet \mathit on input line 21.
LaTeX Font Info:    Overwriting math alphabet `\mathit' in version `normal'
(Font)                  OT1/cmr/m/it --> OT1/cmss/m/it on input line 21.
LaTeX Font Info:    Overwriting math alphabet `\mathit' in version `bold'
(Font)                  OT1/cmr/bx/it --> OT1/cmss/m/it on input line 21.
LaTeX Font Info:    Redeclaring math alphabet \mathtt on input line 21.
LaTeX Font Info:    Overwriting math alphabet `\mathtt' in version `normal'
(Font)                  OT1/cmtt/m/n --> OT1/cmtt/m/n on input line 21.
LaTeX Font Info:    Overwriting math alphabet `\mathtt' in version `bold'
(Font)                  OT1/cmtt/m/n --> OT1/cmtt/m/n on input line 21.
LaTeX Font Info:    Overwriting symbol font `numbers' in version `bold'
(Font)                  OT1/cmss/m/n --> OT1/cmss/bx/n on input line 21.
LaTeX Font Info:    Overwriting symbol font `pureletters' in version `bold'
(Font)                  OT1/cmss/m/it --> OT1/cmss/bx/it on input line 21.
LaTeX Font Info:    Overwriting math alphabet `\mathrm' in version `bold'
(Font)                  OT1/cmss/bx/n --> OT1/cmr/bx/n on input line 21.
LaTeX Font Info:    Overwriting math alphabet `\mathbf' in version `bold'
(Font)                  OT1/cmss/bx/n --> OT1/cmss/bx/n on input line 21.
LaTeX Font Info:    Overwriting math alphabet `\mathsf' in version `bold'
(Font)                  OT1/cmss/m/n --> OT1/cmss/bx/n on input line 21.
LaTeX Font Info:    Overwriting math alphabet `\mathit' in version `bold'
(Font)                  OT1/cmss/m/it --> OT1/cmss/bx/it on input line 21.
LaTeX Font Info:    Overwriting math alphabet `\mathtt' in version `bold'
(Font)                  OT1/cmtt/m/n --> OT1/cmtt/bx/n on input line 21.
LaTeX Font Info:    Redeclaring symbol font `pureletters' on input line 21.
LaTeX Font Info:    Overwriting symbol font `pureletters' in version `normal'
(Font)                  OT1/cmss/m/it --> OT1/mathkerncmss/m/sl on input line 2
1.
LaTeX Font Info:    Overwriting symbol font `pureletters' in version `bold'
(Font)                  OT1/cmss/bx/it --> OT1/mathkerncmss/m/sl on input line 
21.
LaTeX Font Info:    Overwriting symbol font `pureletters' in version `bold'
(Font)                  OT1/mathkerncmss/m/sl --> OT1/mathkerncmss/bx/sl on inp
ut line 21.

(/usr/local/texlive/2014/texmf-dist/tex/latex/beamer/translator/dicts/translato
r-basic-dictionary/translator-basic-dictionary-English.dict
Dictionary: translator-basic-dictionary, Language: English 
)
(/usr/local/texlive/2014/texmf-dist/tex/latex/beamer/translator/dicts/translato
r-bibliography-dictionary/translator-bibliography-dictionary-English.dict
Dictionary: translator-bibliography-dictionary, Language: English 
)
(/usr/local/texlive/2014/texmf-dist/tex/latex/beamer/translator/dicts/translato
r-environment-dictionary/translator-environment-dictionary-English.dict
Dictionary: translator-environment-dictionary, Language: English 
)
(/usr/local/texlive/2014/texmf-dist/tex/latex/beamer/translator/dicts/translato
r-months-dictionary/translator-months-dictionary-English.dict
Dictionary: translator-months-dictionary, Language: English 
)
(/usr/local/texlive/2014/texmf-dist/tex/latex/beamer/translator/dicts/translato
r-numbers-dictionary/translator-numbers-dictionary-English.dict
Dictionary: translator-numbers-dictionary, Language: English 
)
(/usr/local/texlive/2014/texmf-dist/tex/latex/beamer/translator/dicts/translato
r-theorem-dictionary/translator-theorem-dictionary-English.dict
Dictionary: translator-theorem-dictionary, Language: English 
)
LaTeX Info: Redefining \includegraphics on input line 21.
\symgns@font=\mathgroup8
LaTeX Font Info:    Overwriting symbol font `gns@font' in version `bold'
(Font)                  TS1/cmss/m/n --> TS1/cmss/bx/n on input line 21.
Package gensymb Info: Math companion symbols declared on input line 21.
LaTeX Info: Redefining \degree on input line 21.
LaTeX Info: Redefining \celsius on input line 21.
Package gensymb Info: Using text companion symbols for \degree, \celsius and \p
erthousand on input line 21.
LaTeX Info: Redefining \ohm on input line 21.
Package gensymb Info: Using \textohm for \ohm on input line 21.
Package gensymb Info: Using \textmu for \micro on input line 21.
 (./slides.nav)

LaTeX Font Warning: Font shape `OT1/cmss/m/n' in size <4> not available
(Font)              size <5> substituted on input line 25.

[1{/usr/local/texlive/2014/texmf-var/fonts/map/pdftex/updmap/pdftex.map}

]
Package epstopdf Info: Source file: <../../figures/subductionzone/subduction_0.
eps>
(epstopdf)                    date: 2017-05-25 09:27:48
(epstopdf)                    size: 18075 bytes
(epstopdf)             Output file: <./subduction_0-eps-converted-to.pdf>
(epstopdf)                    date: 2019-08-26 15:23:17
(epstopdf)                    size: 9323 bytes
(epstopdf)             Command: <repstopdf --outfile=./subduction_0-eps-convert
ed-to.pdf ../../figures/subductionzone/subduction_0.eps>
(epstopdf)             \includegraphics on input line 38.
Package epstopdf Info: Output file is already uptodate.

<./subduction_0-eps-converted-to.pdf, id=135, 755.82375pt x 323.2075pt>
File: ./subduction_0-eps-converted-to.pdf Graphic file (type pdf)

<use ./subduction_0-eps-converted-to.pdf>
Package pdftex.def Info: ./subduction_0-eps-converted-to.pdf used on input line
 38.
(pdftex.def)             Requested size: 312.9803pt x 133.83763pt.

Overfull \hbox (5.69043pt too wide) in paragraph at lines 38--38
 [] 
 []

[2

 <./subduction_0-eps-converted-to.pdf>]
Package epstopdf Info: Source file: <../../figures/ETS/slow_slip.eps>
(epstopdf)                    date: 2019-06-10 13:13:23
(epstopdf)                    size: 21484 bytes
(epstopdf)             Output file: <./slow_slip-eps-converted-to.pdf>
(epstopdf)                    date: 2019-08-26 15:40:04
(epstopdf)                    size: 10489 bytes
(epstopdf)             Command: <repstopdf --outfile=./slow_slip-eps-converted-
to.pdf ../../figures/ETS/slow_slip.eps>
(epstopdf)             \includegraphics on input line 51.
Package epstopdf Info: Output file is already uptodate.

<./slow_slip-eps-converted-to.pdf, id=188, 560.0925pt x 368.37625pt>
File: ./slow_slip-eps-converted-to.pdf Graphic file (type pdf)

<use ./slow_slip-eps-converted-to.pdf>
Package pdftex.def Info: ./slow_slip-eps-converted-to.pdf used on input line 51
.
(pdftex.def)             Requested size: 256.0748pt x 168.42648pt.
 [3

 <./slow_slip-eps-converted-to.pdf>]
Package epstopdf Info: Source file: <../../figures/slowslip/slow_slip_GPS.eps>
(epstopdf)                    date: 2019-09-03 14:01:19
(epstopdf)                    size: 137751 bytes
(epstopdf)             Output file: <./slow_slip_GPS-eps-converted-to.pdf>
(epstopdf)                    date: 2019-09-03 14:02:40
(epstopdf)                    size: 795151 bytes
(epstopdf)             Command: <repstopdf --outfile=./slow_slip_GPS-eps-conver
ted-to.pdf ../../figures/slowslip/slow_slip_GPS.eps>
(epstopdf)             \includegraphics on input line 58.
Package epstopdf Info: Output file is already uptodate.

<./slow_slip_GPS-eps-converted-to.pdf, id=233, 1084.05pt x 722.7pt>
File: ./slow_slip_GPS-eps-converted-to.pdf Graphic file (type pdf)

<use ./slow_slip_GPS-eps-converted-to.pdf>
Package pdftex.def Info: ./slow_slip_GPS-eps-converted-to.pdf used on input lin
e 58.
(pdftex.def)             Requested size: 284.52756pt x 189.68402pt.

Overfull \vbox (5.5081pt too high) detected at line 58
 []

[4

 <./slow_slip_GPS-eps-converted-to.pdf>] [5

]
Package epstopdf Info: Source file: <../../figures/ETS/tremor.eps>
(epstopdf)                    date: 2018-09-05 09:09:23
(epstopdf)                    size: 104430 bytes
(epstopdf)             Output file: <./tremor-eps-converted-to.pdf>
(epstopdf)                    date: 2019-08-27 10:27:12
(epstopdf)                    size: 98067 bytes
(epstopdf)             Command: <repstopdf --outfile=./tremor-eps-converted-to.
pdf ../../figures/ETS/tremor.eps>
(epstopdf)             \includegraphics on input line 81.
Package epstopdf Info: Output file is already uptodate.

<./tremor-eps-converted-to.pdf, id=347, 563.10374pt x 422.57875pt>
File: ./tremor-eps-converted-to.pdf Graphic file (type pdf)

<use ./tremor-eps-converted-to.pdf>
Package pdftex.def Info: ./tremor-eps-converted-to.pdf used on input line 81.
(pdftex.def)             Requested size: 256.0748pt x 192.17046pt.

Overfull \vbox (7.99454pt too high) detected at line 81
 []

[6

 <./tremor-eps-converted-to.pdf>]
LaTeX Font Info:    Try loading font information for U+msa on input line 97.

(/usr/local/texlive/2014/texmf-dist/tex/latex/amsfonts/umsa.fd
File: umsa.fd 2013/01/14 v3.01 AMS symbols A
)
LaTeX Font Info:    Try loading font information for U+msb on input line 97.

(/usr/local/texlive/2014/texmf-dist/tex/latex/amsfonts/umsb.fd
File: umsb.fd 2013/01/14 v3.01 AMS symbols B
)
LaTeX Font Info:    Try loading font information for OT1+mathkerncmss on input 
line 97.

(/usr/local/texlive/2014/texmf-dist/tex/latex/sansmathaccent/ot1mathkerncmss.fd
File: ot1mathkerncmss.fd 2013/03/27 Fontinst v1.933 font definitions for OT1/ma
thkerncmss.
)
LaTeX Font Info:    Try loading font information for TS1+cmss on input line 97.

 (/usr/local/texlive/2014/texmf-dist/tex/latex/base/ts1cmss.fd
File: ts1cmss.fd 1999/05/25 v2.5h Standard LaTeX font definitions
) [7

]
Package epstopdf Info: Source file: <../../figures/ETS/LFE_NS.eps>
(epstopdf)                    date: 2018-09-05 09:09:23
(epstopdf)                    size: 240379 bytes
(epstopdf)             Output file: <./LFE_NS-eps-converted-to.pdf>
(epstopdf)                    date: 2019-08-27 10:27:13
(epstopdf)                    size: 84411 bytes
(epstopdf)             Command: <repstopdf --outfile=./LFE_NS-eps-converted-to.
pdf ../../figures/ETS/LFE_NS.eps>
(epstopdf)             \includegraphics on input line 104.
Package epstopdf Info: Output file is already uptodate.

<./LFE_NS-eps-converted-to.pdf, id=430, 486.81876pt x 397.485pt>
File: ./LFE_NS-eps-converted-to.pdf Graphic file (type pdf)

<use ./LFE_NS-eps-converted-to.pdf>
Package pdftex.def Info: ./LFE_NS-eps-converted-to.pdf used on input line 104.
(pdftex.def)             Requested size: 227.62204pt x 185.8536pt.

Overfull \vbox (1.67769pt too high) detected at line 104
 []

[8

 <./LFE_NS-eps-converted-to.pdf>] [9

] [10

] [11

]
Package epstopdf Info: Source file: <../../figures/website/LFE/cascadia.eps>
(epstopdf)                    date: 2019-01-17 20:39:36
(epstopdf)                    size: 380734 bytes
(epstopdf)             Output file: <./cascadia-eps-converted-to.pdf>
(epstopdf)                    date: 2019-08-27 10:30:46
(epstopdf)                    size: 190046 bytes
(epstopdf)             Command: <repstopdf --outfile=./cascadia-eps-converted-t
o.pdf ../../figures/website/LFE/cascadia.eps>
(epstopdf)             \includegraphics on input line 155.
Package epstopdf Info: Output file is already uptodate.

<./cascadia-eps-converted-to.pdf, id=584, 597.23125pt x 845.1575pt>
File: ./cascadia-eps-converted-to.pdf Graphic file (type pdf)

<use ./cascadia-eps-converted-to.pdf>
Package pdftex.def Info: ./cascadia-eps-converted-to.pdf used on input line 155
.
(pdftex.def)             Requested size: 142.26378pt x 187.4426pt.

Overfull \vbox (3.26668pt too high) detected at line 155
 []

[12

 <./cascadia-eps-converted-to.pdf>]
Package epstopdf Info: Source file: <../../figures/website/LFE/sanandreas.eps>
(epstopdf)                    date: 2019-01-23 12:08:45
(epstopdf)                    size: 110185 bytes
(epstopdf)             Output file: <./sanandreas-eps-converted-to.pdf>
(epstopdf)                    date: 2019-08-27 10:30:48
(epstopdf)                    size: 31066 bytes
(epstopdf)             Command: <repstopdf --outfile=./sanandreas-eps-converted
-to.pdf ../../figures/website/LFE/sanandreas.eps>
(epstopdf)             \includegraphics on input line 162.
Package epstopdf Info: Output file is already uptodate.

<./sanandreas-eps-converted-to.pdf, id=629, 597.23125pt x 845.1575pt>
File: ./sanandreas-eps-converted-to.pdf Graphic file (type pdf)

<use ./sanandreas-eps-converted-to.pdf>
Package pdftex.def Info: ./sanandreas-eps-converted-to.pdf used on input line 1
62.
(pdftex.def)             Requested size: 142.26378pt x 162.59076pt.
 [13

 <./sanandreas-eps-converted-to.pdf>] [14

] [15

] [16

]
<../../figures/articles/shelly_al_2006_4d.png, id=791, 552.0625pt x 200.75pt>
File: ../../figures/articles/shelly_al_2006_4d.png Graphic file (type png)

<use ../../figures/articles/shelly_al_2006_4d.png>
Package pdftex.def Info: ../../figures/articles/shelly_al_2006_4d.png used on i
nput line 220.
(pdftex.def)             Requested size: 312.9803pt x 113.81604pt.

Overfull \hbox (5.69043pt too wide) in paragraph at lines 220--220
 [] 
 []

[17

 <../../figures/articles/shelly_al_2006_4d.png>]
<../../figures/articles/audet_burgmann_2014_1b.png, id=832, 401.5pt x 301.125pt
>
File: ../../figures/articles/audet_burgmann_2014_1b.png Graphic file (type png)

 <use ../../figures/articles/audet_burgmann_2014_1b.png>
Package pdftex.def Info: ../../figures/articles/audet_burgmann_2014_1b.png used
 on input line 227.
(pdftex.def)             Requested size: 256.0748pt x 192.06686pt.

Overfull \vbox (7.89095pt too high) detected at line 227
 []

[18

 <../../figures/articles/audet_burgmann_2014_1b.png>]
<../../figures/articles/fagereng_harris_2014_8b.png, id=873, 451.6875pt x 180.6
75pt>
File: ../../figures/articles/fagereng_harris_2014_8b.png Graphic file (type png
)
 <use ../../figures/articles/fagereng_harris_2014_8b.png>
Package pdftex.def Info: ../../figures/articles/fagereng_harris_2014_8b.png use
d on input line 234.
(pdftex.def)             Requested size: 284.52756pt x 113.81757pt.
 [19

 <../../figures/articles/fagereng_harris_2014_8b.png>]
<../../figures/articles/audet_burgmann_2014_1c.png, id=914, 381.425pt x 321.2pt
>
File: ../../figures/articles/audet_burgmann_2014_1c.png Graphic file (type png)

 <use ../../figures/articles/audet_burgmann_2014_1c.png>
Package pdftex.def Info: ../../figures/articles/audet_burgmann_2014_1c.png used
 on input line 241.
(pdftex.def)             Requested size: 256.0748pt x 215.64888pt.

Overfull \vbox (31.47296pt too high) detected at line 241
 []

[20

 <../../figures/articles/audet_burgmann_2014_1c.png>]
<../../figures/articles/hyndmann_al_2015_8a.png, id=957, 552.0625pt x 250.9375p
t>
File: ../../figures/articles/hyndmann_al_2015_8a.png Graphic file (type png)
 <use ../../figures/articles/hyndmann_al_2015_8a.png>
Package pdftex.def Info: ../../figures/articles/hyndmann_al_2015_8a.png used on
 input line 248.
(pdftex.def)             Requested size: 312.9803pt x 142.27005pt.

Overfull \hbox (5.69043pt too wide) in paragraph at lines 248--248
 [] 
 []

[21

 <../../figures/articles/hyndmann_al_2015_8a.png>]
<../../figures/articles/hyndmann_al_2015_8b.png, id=998, 501.875pt x 281.05pt>
File: ../../figures/articles/hyndmann_al_2015_8b.png Graphic file (type png)

<use ../../figures/articles/hyndmann_al_2015_8b.png>
Package pdftex.def Info: ../../figures/articles/hyndmann_al_2015_8b.png used on
 input line 255.
(pdftex.def)             Requested size: 312.9803pt x 175.27843pt.

Overfull \hbox (5.69043pt too wide) in paragraph at lines 255--255
 [] 
 []


Overfull \vbox (4.70251pt too high) detected at line 255
 []

[22

 <../../figures/articles/hyndmann_al_2015_8b.png>] [23

]
Package epstopdf Info: Source file: <../../figures/AoA/arrays_location.eps>
(epstopdf)                    date: 2019-08-23 20:49:14
(epstopdf)                    size: 1155987 bytes
(epstopdf)             Output file: <./arrays_location-eps-converted-to.pdf>
(epstopdf)                    date: 2019-08-27 11:02:13
(epstopdf)                    size: 1937357 bytes
(epstopdf)             Command: <repstopdf --outfile=./arrays_location-eps-conv
erted-to.pdf ../../figures/AoA/arrays_location.eps>
(epstopdf)             \includegraphics on input line 297.
Package epstopdf Info: Output file is already uptodate.

<./arrays_location-eps-converted-to.pdf, id=1072, 597.23125pt x 845.1575pt>
File: ./arrays_location-eps-converted-to.pdf Graphic file (type pdf)

<use ./arrays_location-eps-converted-to.pdf>
Package pdftex.def Info: ./arrays_location-eps-converted-to.pdf used on input l
ine 297.
(pdftex.def)             Requested size: 199.16928pt x 182.21468pt.
 [24

 <./arrays_location-eps-converted-to.pdf>] [25

] [26

]
Package epstopdf Info: Source file: <../../figures/BS_000_000/BS_000_000_lin.ep
s>
(epstopdf)                    date: 2019-06-03 16:25:02
(epstopdf)                    size: 2338619 bytes
(epstopdf)             Output file: <./BS_000_000_lin-eps-converted-to.pdf>
(epstopdf)                    date: 2019-08-27 11:09:26
(epstopdf)                    size: 566579 bytes
(epstopdf)             Command: <repstopdf --outfile=./BS_000_000_lin-eps-conve
rted-to.pdf ../../figures/BS_000_000/BS_000_000_lin.eps>
(epstopdf)             \includegraphics on input line 344.
Package epstopdf Info: Output file is already uptodate.

<./BS_000_000_lin-eps-converted-to.pdf, id=1194, 1445.4pt x 1084.05pt>
File: ./BS_000_000_lin-eps-converted-to.pdf Graphic file (type pdf)

<use ./BS_000_000_lin-eps-converted-to.pdf>
Package pdftex.def Info: ./BS_000_000_lin-eps-converted-to.pdf used on input li
ne 344.
(pdftex.def)             Requested size: 227.62204pt x 181.87126pt.
 [27

 <./BS_000_000_lin-eps-converted-to.pdf>] [28

]
Package epstopdf Info: Source file: <../../figures/BS_000_000/BS_000_000_PWS_PW
S_cluster_ccwin.eps>
(epstopdf)                    date: 2019-06-04 11:47:56
(epstopdf)                    size: 1572705 bytes
(epstopdf)             Output file: <./BS_000_000_PWS_PWS_cluster_ccwin-eps-con
verted-to.pdf>
(epstopdf)                    date: 2019-08-27 11:10:40
(epstopdf)                    size: 387483 bytes
(epstopdf)             Command: <repstopdf --outfile=./BS_000_000_PWS_PWS_clust
er_ccwin-eps-converted-to.pdf ../../figures/BS_000_000/BS_000_000_PWS_PWS_clust
er_ccwin.eps>
(epstopdf)             \includegraphics on input line 368.
Package epstopdf Info: Output file is already uptodate.

<./BS_000_000_PWS_PWS_cluster_ccwin-eps-converted-to.pdf, id=1307, 1445.4pt x 1
156.32pt>
File: ./BS_000_000_PWS_PWS_cluster_ccwin-eps-converted-to.pdf Graphic file (typ
e pdf)
 <use ./BS_000_000_PWS_PWS_cluster_ccwin-eps-converted-to.pdf>
Package pdftex.def Info: ./BS_000_000_PWS_PWS_cluster_ccwin-eps-converted-to.pd
f used on input line 368.
(pdftex.def)             Requested size: 213.39566pt x 178.56065pt.

[29

 <./BS_000_000_PWS_PWS_cluster_ccwin-eps-converted-to.pdf>]
Package epstopdf Info: Source file: <../../figures/BS_000_000/BS_000_000_PWS_PW
S_cluster_stackcc.eps>
(epstopdf)                    date: 2019-06-04 11:47:54
(epstopdf)                    size: 148887 bytes
(epstopdf)             Output file: <./BS_000_000_PWS_PWS_cluster_stackcc-eps-c
onverted-to.pdf>
(epstopdf)                    date: 2019-08-27 11:10:41
(epstopdf)                    size: 45964 bytes
(epstopdf)             Command: <repstopdf --outfile=./BS_000_000_PWS_PWS_clust
er_stackcc-eps-converted-to.pdf ../../figures/BS_000_000/BS_000_000_PWS_PWS_clu
ster_stackcc.eps>
(epstopdf)             \includegraphics on input line 375.
Package epstopdf Info: Output file is already uptodate.

<./BS_000_000_PWS_PWS_cluster_stackcc-eps-converted-to.pdf, id=1384, 1445.4pt x
 1156.32pt>
File: ./BS_000_000_PWS_PWS_cluster_stackcc-eps-converted-to.pdf Graphic file (t
ype pdf)
 <use ./BS_000_000_PWS_PWS_cluster_stackcc-eps-converted-to.pdf>
Package pdftex.def Info: ./BS_000_000_PWS_PWS_cluster_stackcc-eps-converted-to.
pdf used on input line 375.
(pdftex.def)             Requested size: 227.62204pt x 188.1505pt.

Overfull \vbox (3.97458pt too high) detected at line 375
 []

[30

 <./BS_000_000_PWS_PWS_cluster_stackcc-eps-converted-to.pdf>]
Package epstopdf Info: Source file: <../../figures/other/d_to_pb_PWS_PWS.eps>
(epstopdf)                    date: 2019-08-19 11:54:48
(epstopdf)                    size: 75588 bytes
(epstopdf)             Output file: <./d_to_pb_PWS_PWS-eps-converted-to.pdf>
(epstopdf)                    date: 2019-09-04 09:54:59
(epstopdf)                    size: 36457 bytes
(epstopdf)             Command: <repstopdf --outfile=./d_to_pb_PWS_PWS-eps-conv
erted-to.pdf ../../figures/other/d_to_pb_PWS_PWS.eps>
(epstopdf)             \includegraphics on input line 384.
Package epstopdf Info: Output file is already uptodate.

<./d_to_pb_PWS_PWS-eps-converted-to.pdf, id=1471, 597.23125pt x 845.1575pt>
File: ./d_to_pb_PWS_PWS-eps-converted-to.pdf Graphic file (type pdf)

<use ./d_to_pb_PWS_PWS-eps-converted-to.pdf>
Package pdftex.def Info: ./d_to_pb_PWS_PWS-eps-converted-to.pdf used on input l
ine 384.
(pdftex.def)             Requested size: 170.71652pt x 196.46529pt.

Overfull \vbox (12.28937pt too high) detected at line 384
 []

[31

 <./d_to_pb_PWS_PWS-eps-converted-to.pdf>] [32

] [33

] [34

] [35

]
Package epstopdf Info: Source file: <../../figures/other/thickness_PWS_PWS.eps>

(epstopdf)                    date: 2019-08-19 11:54:50
(epstopdf)                    size: 74918 bytes
(epstopdf)             Output file: <./thickness_PWS_PWS-eps-converted-to.pdf>
(epstopdf)                    date: 2019-09-04 09:55:00
(epstopdf)                    size: 36259 bytes
(epstopdf)             Command: <repstopdf --outfile=./thickness_PWS_PWS-eps-co
nverted-to.pdf ../../figures/other/thickness_PWS_PWS.eps>
(epstopdf)             \includegraphics on input line 418.
Package epstopdf Info: Output file is already uptodate.

<./thickness_PWS_PWS-eps-converted-to.pdf, id=1664, 597.23125pt x 845.1575pt>
File: ./thickness_PWS_PWS-eps-converted-to.pdf Graphic file (type pdf)

<use ./thickness_PWS_PWS-eps-converted-to.pdf>
Package pdftex.def Info: ./thickness_PWS_PWS-eps-converted-to.pdf used on input
 line 418.
(pdftex.def)             Requested size: 170.71652pt x 196.46529pt.

Overfull \vbox (12.28937pt too high) detected at line 418
 []

[36

 <./thickness_PWS_PWS-eps-converted-to.pdf>] [37

]
Package epstopdf Info: Source file: <../../figures/catalog/families_map.eps>
(epstopdf)                    date: 2019-04-03 10:11:03
(epstopdf)                    size: 117145 bytes
(epstopdf)             Output file: <./families_map-eps-converted-to.pdf>
(epstopdf)                    date: 2019-08-27 11:21:02
(epstopdf)                    size: 30998 bytes
(epstopdf)             Command: <repstopdf --outfile=./families_map-eps-convert
ed-to.pdf ../../figures/catalog/families_map.eps>
(epstopdf)             \includegraphics on input line 442.
Package epstopdf Info: Output file is already uptodate.

<./families_map-eps-converted-to.pdf, id=1747, 597.23125pt x 845.1575pt>
File: ./families_map-eps-converted-to.pdf Graphic file (type pdf)

<use ./families_map-eps-converted-to.pdf>
Package pdftex.def Info: ./families_map-eps-converted-to.pdf used on input line
 442.
(pdftex.def)             Requested size: 199.16928pt x 196.16353pt.

Overfull \vbox (11.98761pt too high) detected at line 442
 []

[38

 <./families_map-eps-converted-to.pdf>] [39

] [40

] [41

] [42

]
<../../figures/other/20080421_130000.png, id=1925, 1445.4pt x 578.16pt>
File: ../../figures/other/20080421_130000.png Graphic file (type png)

<use ../../figures/other/20080421_130000.png>
Package pdftex.def Info: ../../figures/other/20080421_130000.png used on input 
line 482.
(pdftex.def)             Requested size: 312.9803pt x 125.193pt.

Overfull \hbox (5.69043pt too wide) in paragraph at lines 482--482
 [] 
 []

[43

 <../../figures/other/20080421_130000.png>] [44

] [45

] [46

]
Package epstopdf Info: Source file: <../../figures/other/Figure2.eps>
(epstopdf)                    date: 2019-08-22 10:39:58
(epstopdf)                    size: 304573 bytes
(epstopdf)             Output file: <./Figure2-eps-converted-to.pdf>
(epstopdf)                    date: 2019-09-04 09:55:02
(epstopdf)                    size: 38519 bytes
(epstopdf)             Command: <repstopdf --outfile=./Figure2-eps-converted-to
.pdf ../../figures/other/Figure2.eps>
(epstopdf)             \includegraphics on input line 504.
Package epstopdf Info: Output file is already uptodate.

<./Figure2-eps-converted-to.pdf, id=2064, 1445.4pt x 722.7pt>
File: ./Figure2-eps-converted-to.pdf Graphic file (type pdf)

<use ./Figure2-eps-converted-to.pdf>
Package pdftex.def Info: ./Figure2-eps-converted-to.pdf used on input line 504.

(pdftex.def)             Requested size: 312.9803pt x 156.49124pt.

Overfull \hbox (5.69043pt too wide) in paragraph at lines 504--504
 [] 
 []

[47

 <./Figure2-eps-converted-to.pdf>]
Package epstopdf Info: Source file: <../../figures/other/Figure3.eps>
(epstopdf)                    date: 2019-08-22 15:06:06
(epstopdf)                    size: 70888 bytes
(epstopdf)             Output file: <./Figure3-eps-converted-to.pdf>
(epstopdf)                    date: 2019-09-04 09:55:03
(epstopdf)                    size: 23174 bytes
(epstopdf)             Command: <repstopdf --outfile=./Figure3-eps-converted-to
.pdf ../../figures/other/Figure3.eps>
(epstopdf)             \includegraphics on input line 511.
Package epstopdf Info: Output file is already uptodate.

<./Figure3-eps-converted-to.pdf, id=2145, 1445.4pt x 722.7pt>
File: ./Figure3-eps-converted-to.pdf Graphic file (type pdf)

<use ./Figure3-eps-converted-to.pdf>
Package pdftex.def Info: ./Figure3-eps-converted-to.pdf used on input line 511.

(pdftex.def)             Requested size: 312.9803pt x 156.49124pt.

Overfull \hbox (5.69043pt too wide) in paragraph at lines 511--511
 [] 
 []

[48

 <./Figure3-eps-converted-to.pdf>]
Package epstopdf Info: Source file: <../../figures/other/Figure4.eps>
(epstopdf)                    date: 2019-08-22 15:10:32
(epstopdf)                    size: 72661 bytes
(epstopdf)             Output file: <./Figure4-eps-converted-to.pdf>
(epstopdf)                    date: 2019-09-04 09:55:04
(epstopdf)                    size: 23434 bytes
(epstopdf)             Command: <repstopdf --outfile=./Figure4-eps-converted-to
.pdf ../../figures/other/Figure4.eps>
(epstopdf)             \includegraphics on input line 518.
Package epstopdf Info: Output file is already uptodate.

<./Figure4-eps-converted-to.pdf, id=2228, 1445.4pt x 722.7pt>
File: ./Figure4-eps-converted-to.pdf Graphic file (type pdf)

<use ./Figure4-eps-converted-to.pdf>
Package pdftex.def Info: ./Figure4-eps-converted-to.pdf used on input line 518.

(pdftex.def)             Requested size: 312.9803pt x 156.49124pt.

Overfull \hbox (5.69043pt too wide) in paragraph at lines 518--518
 [] 
 []

[49

 <./Figure4-eps-converted-to.pdf>] [50

] [51

] [52

] [53

]
Package epstopdf Info: Source file: <../../figures/other/Poisson.eps>
(epstopdf)                    date: 2019-04-11 13:20:52
(epstopdf)                    size: 609933 bytes
(epstopdf)             Output file: <./Poisson-eps-converted-to.pdf>
(epstopdf)                    date: 2019-09-04 10:08:38
(epstopdf)                    size: 54026 bytes
(epstopdf)             Command: <repstopdf --outfile=./Poisson-eps-converted-to
.pdf ../../figures/other/Poisson.eps>
(epstopdf)             \includegraphics on input line 561.
Package epstopdf Info: Output file is already uptodate.

<./Poisson-eps-converted-to.pdf, id=2444, 2601.72pt x 722.7pt>
File: ./Poisson-eps-converted-to.pdf Graphic file (type pdf)

<use ./Poisson-eps-converted-to.pdf>
Package pdftex.def Info: ./Poisson-eps-converted-to.pdf used on input line 561.

(pdftex.def)             Requested size: 312.9803pt x 86.92978pt.

Overfull \hbox (5.69043pt too wide) in paragraph at lines 561--561
 [] 
 []

[54

 <./Poisson-eps-converted-to.pdf>] [55

] [56

] [57

] [58

] [59

]
Package epstopdf Info: Source file: <../../figures/other/comparison.eps>
(epstopdf)                    date: 2019-04-11 13:24:36
(epstopdf)                    size: 29442 bytes
(epstopdf)             Output file: <./comparison-eps-converted-to.pdf>
(epstopdf)                    date: 2019-09-04 10:08:39
(epstopdf)                    size: 22201 bytes
(epstopdf)             Command: <repstopdf --outfile=./comparison-eps-converted
-to.pdf ../../figures/other/comparison.eps>
(epstopdf)             \includegraphics on input line 608.
Package epstopdf Info: Output file is already uptodate.

<./comparison-eps-converted-to.pdf, id=2686, 722.7pt x 722.7pt>
File: ./comparison-eps-converted-to.pdf Graphic file (type pdf)

<use ./comparison-eps-converted-to.pdf>
Package pdftex.def Info: ./comparison-eps-converted-to.pdf used on input line 6
08.
(pdftex.def)             Requested size: 199.16928pt x 199.16766pt.

Overfull \vbox (12.99174pt too high) detected at line 608
 []

[60

 <./comparison-eps-converted-to.pdf>] [61

]
Package epstopdf Info: Source file: <../../figures/other/ETAS.eps>
(epstopdf)                    date: 2019-04-11 13:22:12
(epstopdf)                    size: 605948 bytes
(epstopdf)             Output file: <./ETAS-eps-converted-to.pdf>
(epstopdf)                    date: 2019-09-04 10:08:40
(epstopdf)                    size: 54537 bytes
(epstopdf)             Command: <repstopdf --outfile=./ETAS-eps-converted-to.pd
f ../../figures/other/ETAS.eps>
(epstopdf)             \includegraphics on input line 629.
Package epstopdf Info: Output file is already uptodate.

<./ETAS-eps-converted-to.pdf, id=2806, 2601.72pt x 722.7pt>
File: ./ETAS-eps-converted-to.pdf Graphic file (type pdf)

<use ./ETAS-eps-converted-to.pdf>
Package pdftex.def Info: ./ETAS-eps-converted-to.pdf used on input line 629.
(pdftex.def)             Requested size: 312.9803pt x 86.92978pt.

Overfull \hbox (5.69043pt too wide) in paragraph at lines 629--629
 [] 
 []

[62

 <./ETAS-eps-converted-to.pdf>] [63

] [64

] [65

] [66

] [67

]
Package epstopdf Info: Source file: <../../figures/other/comparison.eps>
(epstopdf)                    date: 2019-04-11 13:24:36
(epstopdf)                    size: 29442 bytes
(epstopdf)             Output file: <./comparison-eps-converted-to.pdf>
(epstopdf)                    date: 2019-09-04 10:08:39
(epstopdf)                    size: 22201 bytes
(epstopdf)             Command: <repstopdf --outfile=./comparison-eps-converted
-to.pdf ../../figures/other/comparison.eps>
(epstopdf)             \includegraphics on input line 676.
Package epstopdf Info: Output file is already uptodate.
File: ./comparison-eps-converted-to.pdf Graphic file (type pdf)

<use ./comparison-eps-converted-to.pdf>
Package pdftex.def Info: ./comparison-eps-converted-to.pdf used on input line 6
76.
(pdftex.def)             Requested size: 199.16928pt x 199.16766pt.

Overfull \vbox (12.99174pt too high) detected at line 676
 []

[68

] [69

]
Package epstopdf Info: Source file: <../../figures/other/cascadia.eps>
(epstopdf)                    date: 2019-04-08 11:57:48
(epstopdf)                    size: 662908 bytes
(epstopdf)             Output file: <./cascadia-eps-converted-to.pdf>
(epstopdf)                    date: 2019-08-27 10:30:46
(epstopdf)                    size: 190046 bytes
(epstopdf)             Command: <repstopdf --outfile=./cascadia-eps-converted-t
o.pdf ../../figures/other/cascadia.eps>
(epstopdf)             \includegraphics on input line 692.
Package epstopdf Info: Output file is already uptodate.
File: ./cascadia-eps-converted-to.pdf Graphic file (type pdf)
 <use ./cascadia-eps-converted-to.pdf>
Package pdftex.def Info: ./cascadia-eps-converted-to.pdf used on input line 692
.
(pdftex.def)             Requested size: 142.26378pt x 203.25793pt.

Overfull \vbox (19.08202pt too high) detected at line 692
 []

[70

]
Package epstopdf Info: Source file: <../../figures/other/guerrero.eps>
(epstopdf)                    date: 2019-04-08 12:05:24
(epstopdf)                    size: 96334 bytes
(epstopdf)             Output file: <./guerrero-eps-converted-to.pdf>
(epstopdf)                    date: 2019-09-04 10:08:42
(epstopdf)                    size: 65537 bytes
(epstopdf)             Command: <repstopdf --outfile=./guerrero-eps-converted-t
o.pdf ../../figures/other/guerrero.eps>
(epstopdf)             \includegraphics on input line 699.
Package epstopdf Info: Output file is already uptodate.
 <./guerrero-eps-converted-to.pdf, id=3152, 597.23125pt x 845.1575pt>
File: ./guerrero-eps-converted-to.pdf Graphic file (type pdf)

<use ./guerrero-eps-converted-to.pdf>
Package pdftex.def Info: ./guerrero-eps-converted-to.pdf used on input line 699
.
(pdftex.def)             Requested size: 142.26378pt x 200.36382pt.

Overfull \vbox (16.1879pt too high) detected at line 699
 []

[71

 <./guerrero-eps-converted-to.pdf>]
Package epstopdf Info: Source file: <../../figures/other/sanandreas.eps>
(epstopdf)                    date: 2019-04-08 12:09:56
(epstopdf)                    size: 52548 bytes
(epstopdf)             Output file: <./sanandreas-eps-converted-to.pdf>
(epstopdf)                    date: 2019-08-27 10:30:48
(epstopdf)                    size: 31066 bytes
(epstopdf)             Command: <repstopdf --outfile=./sanandreas-eps-converted
-to.pdf ../../figures/other/sanandreas.eps>
(epstopdf)             \includegraphics on input line 706.
Package epstopdf Info: Output file is already uptodate.
File: ./sanandreas-eps-converted-to.pdf Graphic file (type pdf)
 <use ./sanandreas-eps-converted-to.pdf>
Package pdftex.def Info: ./sanandreas-eps-converted-to.pdf used on input line 7
06.
(pdftex.def)             Requested size: 142.26378pt x 177.5734pt.

[72

] [73

] [74

]
<../../figures/articles/wallace_eberhart-phillips_2013_1.png, id=3294, 552.0625
pt x 501.875pt>
File: ../../figures/articles/wallace_eberhart-phillips_2013_1.png Graphic file 
(type png)

<use ../../figures/articles/wallace_eberhart-phillips_2013_1.png>
Package pdftex.def Info: ../../figures/articles/wallace_eberhart-phillips_2013_
1.png used on input line 737.
(pdftex.def)             Requested size: 199.16928pt x 181.06541pt.
 [75

 <../../figures/articles/wallace_eberhart-phillips_2013_1.png>]
<../../figures/articles/wallace_eberhart-phillips_2013_3a.png, id=3329, 401.5pt
 x 351.3125pt>
File: ../../figures/articles/wallace_eberhart-phillips_2013_3a.png Graphic file
 (type png)

<use ../../figures/articles/wallace_eberhart-phillips_2013_3a.png>
Package pdftex.def Info: ../../figures/articles/wallace_eberhart-phillips_2013_
3a.png used on input line 744.
(pdftex.def)             Requested size: 199.16928pt x 174.27814pt.
 [76

 <../../figures/articles/wallace_eberhart-phillips_2013_3a.png>]
<../../figures/articles/wallace_eberhart-phillips_2013_3b.png, id=3365, 401.5pt
 x 351.3125pt>
File: ../../figures/articles/wallace_eberhart-phillips_2013_3b.png Graphic file
 (type png)

<use ../../figures/articles/wallace_eberhart-phillips_2013_3b.png>
Package pdftex.def Info: ../../figures/articles/wallace_eberhart-phillips_2013_
3b.png used on input line 751.
(pdftex.def)             Requested size: 199.16928pt x 174.27814pt.
 [77

 <../../figures/articles/wallace_eberhart-phillips_2013_3b.png>]
<../../figures/articles/todd_schwartz_2016_6.png, id=3400, 1254.6875pt x 652.43
75pt>
File: ../../figures/articles/todd_schwartz_2016_6.png Graphic file (type png)
 <use ../../figures/articles/todd_schwartz_2016_6.png>
Package pdftex.def Info: ../../figures/articles/todd_schwartz_2016_6.png used o
n input line 758.
(pdftex.def)             Requested size: 312.9803pt x 162.75058pt.

Overfull \hbox (5.69043pt too wide) in paragraph at lines 758--758
 [] 
 []

[78

 <../../figures/articles/todd_schwartz_2016_6.png>]
Missing character: There is no  in font cmss10!
Missing character: There is no  in font cmss10!
Missing character: There is no  in font cmss10!
 [79

]
<../../figures/articles/wech_creager_2011_3.png, id=3468, 652.4375pt x 451.6875
pt>
File: ../../figures/articles/wech_creager_2011_3.png Graphic file (type png)
 <use ../../figures/articles/wech_creager_2011_3.png>
Package pdftex.def Info: ../../figures/articles/wech_creager_2011_3.png used on
 input line 774.
(pdftex.def)             Requested size: 284.52756pt x 196.9856pt.

Overfull \vbox (12.80968pt too high) detected at line 774
 []

[80

 <../../figures/articles/wech_creager_2011_3.png>]
<../../figures/articles/wei_al_2012_1.png, id=3503, 752.8125pt x 702.625pt>
File: ../../figures/articles/wei_al_2012_1.png Graphic file (type png)

<use ../../figures/articles/wei_al_2012_1.png>
Package pdftex.def Info: ../../figures/articles/wei_al_2012_1.png used on input
 line 781.
(pdftex.def)             Requested size: 199.16928pt x 185.89453pt.

Overfull \vbox (1.71861pt too high) detected at line 781
 []

[81

 <../../figures/articles/wei_al_2012_1.png>]
<../../figures/slowslip/Prequake_level_changes_shallow_thrust.png, id=3538, 466
.25807pt x 164.74452pt>
File: ../../figures/slowslip/Prequake_level_changes_shallow_thrust.png Graphic 
file (type png)

<use ../../figures/slowslip/Prequake_level_changes_shallow_thrust.png>
Package pdftex.def Info: ../../figures/slowslip/Prequake_level_changes_shallow_
thrust.png used on input line 788.
(pdftex.def)             Requested size: 284.52756pt x 100.53423pt.
Missing character: There is no  in font cmss12!
Missing character: There is no  in font cmss12!
Missing character: There is no  in font cmss12!
 [82

 <../../figures/slowslip/Prequake_level_changes_shallow_thrust.png>]
<../../figures/slowslip/Postquake_level_changes_shallow_thrust.png, id=3574, 46
6.25807pt x 164.74452pt>
File: ../../figures/slowslip/Postquake_level_changes_shallow_thrust.png Graphic
 file (type png)

<use ../../figures/slowslip/Postquake_level_changes_shallow_thrust.png>
Package pdftex.def Info: ../../figures/slowslip/Postquake_level_changes_shallow
_thrust.png used on input line 795.
(pdftex.def)             Requested size: 284.52756pt x 100.53423pt.
Missing character: There is no  in font cmss12!
Missing character: There is no  in font cmss12!
Missing character: There is no  in font cmss12!

[83

 <../../figures/slowslip/Postquake_level_changes_shallow_thrust.png>]
Package epstopdf Info: Source file: <../../figures/Hikurangi/studyarea.eps>
(epstopdf)                    date: 2018-11-16 16:17:54
(epstopdf)                    size: 635376 bytes
(epstopdf)             Output file: <./studyarea-eps-converted-to.pdf>
(epstopdf)                    date: 2019-09-03 15:48:53
(epstopdf)                    size: 132700 bytes
(epstopdf)             Command: <repstopdf --outfile=./studyarea-eps-converted-
to.pdf ../../figures/Hikurangi/studyarea.eps>
(epstopdf)             \includegraphics on input line 802.
Package epstopdf Info: Output file is already uptodate.

<./studyarea-eps-converted-to.pdf, id=3609, 597.23125pt x 845.1575pt>
File: ./studyarea-eps-converted-to.pdf Graphic file (type pdf)

<use ./studyarea-eps-converted-to.pdf>
Package pdftex.def Info: ./studyarea-eps-converted-to.pdf used on input line 80
2.
(pdftex.def)             Requested size: 170.71652pt x 196.46529pt.

Overfull \vbox (12.28937pt too high) detected at line 802
 []

[84

 <./studyarea-eps-converted-to.pdf>]
Package epstopdf Info: Source file: <../../figures/../slowslip/Figure1.eps>
(epstopdf)                    date: 2018-11-28 22:02:00
(epstopdf)                    size: 152956 bytes
(epstopdf)             Output file: <./Figure1-eps-converted-to.pdf>
(epstopdf)                    date: 2019-09-03 15:48:54
(epstopdf)                    size: 46633 bytes
(epstopdf)             Command: <repstopdf --outfile=./Figure1-eps-converted-to
.pdf ../../figures/../slowslip/Figure1.eps>
(epstopdf)             \includegraphics on input line 809.
Package epstopdf Info: Output file is already uptodate.

<./Figure1-eps-converted-to.pdf, id=3649, 2168.1pt x 722.7pt>
File: ./Figure1-eps-converted-to.pdf Graphic file (type pdf)

<use ./Figure1-eps-converted-to.pdf>
Package pdftex.def Info: ./Figure1-eps-converted-to.pdf used on input line 809.

(pdftex.def)             Requested size: 312.9803pt x 104.32014pt.

Overfull \hbox (5.69043pt too wide) in paragraph at lines 809--809
 [] 
 []

[85

 <./Figure1-eps-converted-to.pdf>]
Package epstopdf Info: Source file: <../../figures/../slowslip/Figure2_CKID.eps
>
(epstopdf)                    date: 2018-11-29 13:27:58
(epstopdf)                    size: 271667 bytes
(epstopdf)             Output file: <./Figure2_CKID-eps-converted-to.pdf>
(epstopdf)                    date: 2019-09-03 15:49:29
(epstopdf)                    size: 88015 bytes
(epstopdf)             Command: <repstopdf --outfile=./Figure2_CKID-eps-convert
ed-to.pdf ../../figures/../slowslip/Figure2_CKID.eps>
(epstopdf)             \includegraphics on input line 816.
Package epstopdf Info: Output file is already uptodate.

<./Figure2_CKID-eps-converted-to.pdf, id=3723, 1445.4pt x 722.7pt>
File: ./Figure2_CKID-eps-converted-to.pdf Graphic file (type pdf)

<use ./Figure2_CKID-eps-converted-to.pdf>
Package pdftex.def Info: ./Figure2_CKID-eps-converted-to.pdf used on input line
 816.
(pdftex.def)             Requested size: 312.9803pt x 156.49124pt.

Overfull \hbox (5.69043pt too wide) in paragraph at lines 816--816
 [] 
 []

[86

 <./Figure2_CKID-eps-converted-to.pdf>] [87

]
\tf@nav=\write6
\openout6 = `slides.nav'.

\tf@toc=\write7
\openout7 = `slides.toc'.

\tf@snm=\write8
\openout8 = `slides.snm'.

Package atveryend Info: Empty hook `BeforeClearDocument' on input line 832.
Package atveryend Info: Empty hook `AfterLastShipout' on input line 832.
 (./slides.aux)
Package atveryend Info: Executing hook `AtVeryEndDocument' on input line 832.
Package atveryend Info: Executing hook `AtEndAfterFileList' on input line 832.
Package rerunfilecheck Info: File `slides.out' has not changed.
(rerunfilecheck)             Checksum: 6883E6A1C906C53E5CF6FD75A6DECD8A;1188.


LaTeX Font Warning: Size substitutions with differences
(Font)              up to 1.0pt have occurred.

Package atveryend Info: Empty hook `AtVeryVeryEnd' on input line 832.
 ) 
Here is how much of TeX's memory you used:
 17869 strings out of 493117
 345096 string characters out of 6135433
 398095 words of memory out of 5000000
 20650 multiletter control sequences out of 15000+600000
 17502 words of font info for 62 fonts, out of 8000000 for 9000
 1141 hyphenation exceptions out of 8191
 56i,19n,65p,386b,600s stack positions out of 5000i,500n,10000p,200000b,80000s
</usr/local/texlive/2014/texmf-dist/fonts/type1/public/amsfonts/cm/cmex10.pfb
></usr/local/texlive/2014/texmf-dist/fonts/type1/public/amsfonts/cm/cmmi10.pfb>
</usr/local/texlive/2014/texmf-dist/fonts/type1/public/amsfonts/cm/cmmi12.pfb><
/usr/local/texlive/2014/texmf-dist/fonts/type1/public/amsfonts/cm/cmmi8.pfb></u
sr/local/texlive/2014/texmf-dist/fonts/type1/public/amsfonts/cm/cmss10.pfb></us
r/local/texlive/2014/texmf-dist/fonts/type1/public/amsfonts/cm/cmss12.pfb></usr
/local/texlive/2014/texmf-dist/fonts/type1/public/amsfonts/cm/cmss17.pfb></usr/
local/texlive/2014/texmf-dist/fonts/type1/public/amsfonts/cm/cmss8.pfb></usr/lo
cal/texlive/2014/texmf-dist/fonts/type1/public/amsfonts/cm/cmssbx10.pfb></usr/l
ocal/texlive/2014/texmf-dist/fonts/type1/public/amsfonts/cm/cmssi10.pfb></usr/l
ocal/texlive/2014/texmf-dist/fonts/type1/public/amsfonts/cm/cmssi12.pfb></usr/l
ocal/texlive/2014/texmf-dist/fonts/type1/public/amsfonts/cm/cmssi8.pfb></usr/lo
cal/texlive/2014/texmf-dist/fonts/type1/public/amsfonts/cm/cmsy10.pfb></usr/loc
al/texlive/2014/texmf-dist/fonts/type1/public/amsfonts/cm/cmsy8.pfb>
Output written on slides.pdf (87 pages, 6511120 bytes).
PDF statistics:
 3919 PDF objects out of 4296 (max. 8388607)
 3196 compressed objects within 32 object streams
 192 named destinations out of 1000 (max. 500000)
 668 words of extra memory for PDF output out of 10000 (max. 10000000)

